<?xml version="1.0" encoding="UTF-8"?>
<!-- Generated by org.testng.reporters.JUnitXMLReporter -->
<testsuite hostname="D-113063535" ignored="0" name="Default test" tests="4" failures="0" timestamp="22 Feb 2018 09:24:55 GMT" time="0.062" errors="0">
  <testcase name="@BeforeTest intialize" time="0.0" classname="Com.OpenCart.Testcases.OpenCart_RegestrationTest">
    <failure type="org.testng.TestNGException" message="
Parameter &amp;apos;browser&amp;apos; is required by BeforeTest on method intialize but has not been marked @Optional or defined
in C:\Users\ko398195\AppData\Local\Temp\testng-eclipse-189647389\testng-customsuite.xml">
      <![CDATA[org.testng.TestNGException: 
Parameter 'browser' is required by BeforeTest on method intialize but has not been marked @Optional or defined
in C:\Users\ko398195\AppData\Local\Temp\testng-eclipse-189647389\testng-customsuite.xml
	at org.testng.internal.Parameters.createParameters(Parameters.java:199)
	at org.testng.internal.Parameters.createParameters(Parameters.java:443)
	at org.testng.internal.Parameters.createConfigurationParameters(Parameters.java:118)
	at org.testng.internal.Invoker.invokeConfigurations(Invoker.java:203)
	at org.testng.internal.Invoker.invokeConfigurations(Invoker.java:144)
	at org.testng.TestRunner.beforeRun(TestRunner.java:634)
	at org.testng.TestRunner.run(TestRunner.java:602)
	at org.testng.SuiteRunner.runTest(SuiteRunner.java:387)
	at org.testng.SuiteRunner.runSequentially(SuiteRunner.java:382)
	at org.testng.SuiteRunner.privateRun(SuiteRunner.java:340)
	at org.testng.SuiteRunner.run(SuiteRunner.java:289)
	at org.testng.SuiteRunnerWorker.runSuite(SuiteRunnerWorker.java:52)
	at org.testng.SuiteRunnerWorker.run(SuiteRunnerWorker.java:86)
	at org.testng.TestNG.runSuitesSequentially(TestNG.java:1293)
	at org.testng.TestNG.runSuitesLocally(TestNG.java:1218)
	at org.testng.TestNG.runSuites(TestNG.java:1133)
	at org.testng.TestNG.run(TestNG.java:1104)
	at org.testng.remote.AbstractRemoteTestNG.run(AbstractRemoteTestNG.java:114)
	at org.testng.remote.RemoteTestNG.initAndRun(RemoteTestNG.java:251)
	at org.testng.remote.RemoteTestNG.main(RemoteTestNG.java:77)
]]>
    </failure>
  </testcase> <!-- @BeforeTest intialize -->
  <testcase name="@BeforeClass initializeReport" time="0.0" classname="Com.OpenCart.ExtendReports.ExtentReportsBaseClass">
    <skipped/>
  </testcase> <!-- @BeforeClass initializeReport -->
  <testcase name="@AfterMethod getResult" time="0.0" classname="Com.OpenCart.ExtendReports.ExtentReportsBaseClass">
    <skipped/>
  </testcase> <!-- @AfterMethod getResult -->
  <testcase name="@AfterClass endReport" time="0.0" classname="Com.OpenCart.ExtendReports.ExtentReportsBaseClass">
    <skipped/>
  </testcase> <!-- @AfterClass endReport -->
  <testcase name="openApp" time="0.0" classname="Com.OpenCart.Testcases.OpenCart_RegestrationTest">
    <skipped/>
  </testcase> <!-- openApp -->
  <testcase name="registration" time="0.0" classname="Com.OpenCart.Testcases.OpenCart_RegestrationTest">
    <skipped/>
  </testcase> <!-- registration -->
  <testcase name="reviewProd" time="0.0" classname="Com.OpenCart.Testcases.OpenCart_RegestrationTest">
    <skipped/>
  </testcase> <!-- reviewProd -->
  <testcase name="addToWishList" time="0.0" classname="Com.OpenCart.Testcases.OpenCart_RegestrationTest">
    <skipped/>
  </testcase> <!-- addToWishList -->
</testsuite> <!-- Default test -->
