<?xml version="1.0" encoding="UTF-8"?>
<!-- Generated by org.testng.reporters.JUnitXMLReporter -->
<testsuite hostname="D-113063535" ignored="0" name="Test" tests="5" failures="1" timestamp="19 Feb 2018 12:11:38 GMT" time="64.207" errors="0">
  <testcase name="openApp" time="1.341" classname="Com.OpenCart.Testcases.OpenCart_RegestrationTest"/>
  <testcase name="registration" time="7.195" classname="Com.OpenCart.Testcases.OpenCart_RegestrationTest"/>
  <testcase name="reviewProd" time="18.723" classname="Com.OpenCart.Testcases.OpenCart_RegestrationTest"/>
  <testcase name="reviewProd" time="18.656" classname="Com.OpenCart.Testcases.OpenCart_RegestrationTest">
    <failure type="java.lang.AssertionError" message="expected [Warning: Verification code does not match the image!] but found [Thank you for your review. It has been submitted to the webmaster for approval.]">
      <![CDATA[java.lang.AssertionError: expected [Warning: Verification code does not match the image!] but found [Thank you for your review. It has been submitted to the webmaster for approval.]
	at Com.OpenCart.Testcases.OpenCart_RegestrationTest.reviewProd(OpenCart_RegestrationTest.java:247)
	at java.util.concurrent.ThreadPoolExecutor.runWorker(Unknown Source)
	at java.util.concurrent.ThreadPoolExecutor$Worker.run(Unknown Source)
	at java.lang.Thread.run(Unknown Source)
... Removed 16 stack frames]]>
    </failure>
  </testcase> <!-- reviewProd -->
  <testcase name="addToWishList" time="0.0" classname="Com.OpenCart.Testcases.OpenCart_RegestrationTest">
    <skipped/>
  </testcase> <!-- addToWishList -->
</testsuite> <!-- Test -->
