<!DOCTYPE html>

<html>
  <head>
  <meta charset='utf-8'>
  <title>TestNG reports</title>

    <link type="text/css" href="testng-reports.css" rel="stylesheet" />  
    <script type="text/javascript" src="jquery-1.7.1.min.js"></script>
    <script type="text/javascript" src="testng-reports.js"></script>
    <script type="text/javascript" src="https://www.google.com/jsapi"></script>
    <script type='text/javascript'>
      google.load('visualization', '1', {packages:['table']});
      google.setOnLoadCallback(drawTable);
      var suiteTableInitFunctions = new Array();
      var suiteTableData = new Array();
    </script>
    <!--
      <script type="text/javascript" src="jquery-ui/js/jquery-ui-1.8.16.custom.min.js"></script>
     -->
  </head>

  <body>
    <div class="top-banner-root">
      <span class="top-banner-title-font">Test results</span>
      <br/>
      <span class="top-banner-font-1">1 suite, 5 failed tests</span>
    </div> <!-- top-banner-root -->
    <div class="navigator-root">
      <div class="navigator-suite-header">
        <span>All suites</span>
        <a href="#" class="collapse-all-link" title="Collapse/expand all the suites">
          <img class="collapse-all-icon" src="collapseall.gif">
          </img> <!-- collapse-all-icon -->
        </a> <!-- collapse-all-link -->
      </div> <!-- navigator-suite-header -->
      <div class="suite">
        <div class="rounded-window">
          <div class="suite-header light-rounded-window-top">
            <a href="#" class="navigator-link" panel-name="suite-Suite">
              <span class="suite-name border-failed">Suite</span>
            </a> <!-- navigator-link -->
          </div> <!-- suite-header light-rounded-window-top -->
          <div class="navigator-suite-content">
            <div class="suite-section-title">
              <span>Info</span>
            </div> <!-- suite-section-title -->
            <div class="suite-section-content">
              <ul>
                <li>
                  <a href="#" class="navigator-link " panel-name="test-xml-Suite">
                    <span>D:\OpenCartDemo\testng.xml</span>
                  </a> <!-- navigator-link  -->
                </li>
                <li>
                  <a href="#" class="navigator-link " panel-name="testlist-Suite">
                    <span class="test-stats">1 test</span>
                  </a> <!-- navigator-link  -->
                </li>
                <li>
                  <a href="#" class="navigator-link " panel-name="group-Suite">
                    <span>0 groups</span>
                  </a> <!-- navigator-link  -->
                </li>
                <li>
                  <a href="#" class="navigator-link " panel-name="times-Suite">
                    <span>Times</span>
                  </a> <!-- navigator-link  -->
                </li>
                <li>
                  <a href="#" class="navigator-link " panel-name="reporter-Suite">
                    <span>Reporter output</span>
                  </a> <!-- navigator-link  -->
                </li>
                <li>
                  <a href="#" class="navigator-link " panel-name="ignored-methods-Suite">
                    <span>Ignored methods</span>
                  </a> <!-- navigator-link  -->
                </li>
                <li>
                  <a href="#" class="navigator-link " panel-name="chronological-Suite">
                    <span>Chronological view</span>
                  </a> <!-- navigator-link  -->
                </li>
              </ul>
            </div> <!-- suite-section-content -->
            <div class="result-section">
              <div class="suite-section-title">
                <span>Results</span>
              </div> <!-- suite-section-title -->
              <div class="suite-section-content">
                <ul>
                  <li>
                    <span class="method-stats">14 methods, 5 failed,  4 skipped,  5 passed</span>
                  </li>
                  <li>
                    <span class="method-list-title failed">Failed methods</span>
                    <span class="show-or-hide-methods failed">
                      <a href="#" panel-name="suite-Suite" class="hide-methods failed suite-Suite"> (hide)</a> <!-- hide-methods failed suite-Suite -->
                      <a href="#" panel-name="suite-Suite" class="show-methods failed suite-Suite"> (show)</a> <!-- show-methods failed suite-Suite -->
                    </span>
                    <div class="method-list-content failed suite-Suite">
                      <span>
                        <img width="3%" src="failed.png"/>
                        <a href="#" class="method navigator-link" panel-name="suite-Suite" title="Com.OpenCart.Testcases.OpenCart_RegestrationTest" hash-for-method="registration(vinay, kona, vinaykona@gmail.com, 9000788667, 5425, wipro, 2345, blueraod, navystreet, hyderabad, 50...)">registration(vinay, kona, vinaykona@gmail.com, 9000788667, 5425, wipro, 2345, blueraod, navystreet, hyderabad, 50...)</a> <!-- method navigator-link -->
                      </span>
                      <br/>
                      <span>
                        <img width="3%" src="failed.png"/>
                        <a href="#" class="method navigator-link" panel-name="suite-Suite" title="Com.OpenCart.Testcases.OpenCart_RegestrationTest3" hash-for-method="reviewProd(Amala, 2, Good)">reviewProd(Amala, 2, Good)</a> <!-- method navigator-link -->
                      </span>
                      <br/>
                      <span>
                        <img width="3%" src="failed.png"/>
                        <a href="#" class="method navigator-link" panel-name="suite-Suite" title="Com.OpenCart.Testcases.OpenCart_RegestrationTest3" hash-for-method="reviewProd(Kamal, 3, kona vinay dhhdshhdhdhhdhsalsjghkdjsfghfdkhjk)">reviewProd(Kamal, 3, kona vinay dhhdshhdhdhhdhsalsjghkdjsfghfdkhjk)</a> <!-- method navigator-link -->
                      </span>
                      <br/>
                      <span>
                        <img width="3%" src="failed.png"/>
                        <a href="#" class="method navigator-link" panel-name="suite-Suite" title="Com.OpenCart.Testcases.OpenCart_RegestrationTest2" hash-for-method="reviewProd(Amala, 2, Good)">reviewProd(Amala, 2, Good)</a> <!-- method navigator-link -->
                      </span>
                      <br/>
                      <span>
                        <img width="3%" src="failed.png"/>
                        <a href="#" class="method navigator-link" panel-name="suite-Suite" title="Com.OpenCart.Testcases.OpenCart_RegestrationTest2" hash-for-method="reviewProd(Kamal, 3, kona vinay dhhdshhdhdhhdhsalsjghkdjsfghfdkhjk)">reviewProd(Kamal, 3, kona vinay dhhdshhdhdhhdhsalsjghkdjsfghfdkhjk)</a> <!-- method navigator-link -->
                      </span>
                      <br/>
                    </div> <!-- method-list-content failed suite-Suite -->
                  </li>
                  <li>
                    <span class="method-list-title skipped">Skipped methods</span>
                    <span class="show-or-hide-methods skipped">
                      <a href="#" panel-name="suite-Suite" class="hide-methods skipped suite-Suite"> (hide)</a> <!-- hide-methods skipped suite-Suite -->
                      <a href="#" panel-name="suite-Suite" class="show-methods skipped suite-Suite"> (show)</a> <!-- show-methods skipped suite-Suite -->
                    </span>
                    <div class="method-list-content skipped suite-Suite">
                      <span>
                        <img width="3%" src="skipped.png"/>
                        <a href="#" class="method navigator-link" panel-name="suite-Suite" title="Com.OpenCart.Testcases.OpenCart_RegestrationTest" hash-for-method="addToWishList">addToWishList</a> <!-- method navigator-link -->
                      </span>
                      <br/>
                      <span>
                        <img width="3%" src="skipped.png"/>
                        <a href="#" class="method navigator-link" panel-name="suite-Suite" title="Com.OpenCart.Testcases.OpenCart_RegestrationTest3" hash-for-method="addToWishList">addToWishList</a> <!-- method navigator-link -->
                      </span>
                      <br/>
                      <span>
                        <img width="3%" src="skipped.png"/>
                        <a href="#" class="method navigator-link" panel-name="suite-Suite" title="Com.OpenCart.Testcases.OpenCart_RegestrationTest2" hash-for-method="addToWishList">addToWishList</a> <!-- method navigator-link -->
                      </span>
                      <br/>
                      <span>
                        <img width="3%" src="skipped.png"/>
                        <a href="#" class="method navigator-link" panel-name="suite-Suite" title="Com.OpenCart.Testcases.OpenCart_RegestrationTest" hash-for-method="reviewProd">reviewProd</a> <!-- method navigator-link -->
                      </span>
                      <br/>
                    </div> <!-- method-list-content skipped suite-Suite -->
                  </li>
                  <li>
                    <span class="method-list-title passed">Passed methods</span>
                    <span class="show-or-hide-methods passed">
                      <a href="#" panel-name="suite-Suite" class="hide-methods passed suite-Suite"> (hide)</a> <!-- hide-methods passed suite-Suite -->
                      <a href="#" panel-name="suite-Suite" class="show-methods passed suite-Suite"> (show)</a> <!-- show-methods passed suite-Suite -->
                    </span>
                    <div class="method-list-content passed suite-Suite">
                      <span>
                        <img width="3%" src="passed.png"/>
                        <a href="#" class="method navigator-link" panel-name="suite-Suite" title="Com.OpenCart.Testcases.OpenCart_RegestrationTest" hash-for-method="openApp">openApp</a> <!-- method navigator-link -->
                      </span>
                      <br/>
                      <span>
                        <img width="3%" src="passed.png"/>
                        <a href="#" class="method navigator-link" panel-name="suite-Suite" title="Com.OpenCart.Testcases.OpenCart_RegestrationTest2" hash-for-method="openApp">openApp</a> <!-- method navigator-link -->
                      </span>
                      <br/>
                      <span>
                        <img width="3%" src="passed.png"/>
                        <a href="#" class="method navigator-link" panel-name="suite-Suite" title="Com.OpenCart.Testcases.OpenCart_RegestrationTest3" hash-for-method="openApp">openApp</a> <!-- method navigator-link -->
                      </span>
                      <br/>
                      <span>
                        <img width="3%" src="passed.png"/>
                        <a href="#" class="method navigator-link" panel-name="suite-Suite" title="Com.OpenCart.Testcases.OpenCart_RegestrationTest2" hash-for-method="registration(vinay, kona, vinaykona@gmail.com, 9000788667, 5425, wipro, 2345, blueraod, navystreet, hyderabad, 50...)">registration(vinay, kona, vinaykona@gmail.com, 9000788667, 5425, wipro, 2345, blueraod, navystreet, hyderabad, 50...)</a> <!-- method navigator-link -->
                      </span>
                      <br/>
                      <span>
                        <img width="3%" src="passed.png"/>
                        <a href="#" class="method navigator-link" panel-name="suite-Suite" title="Com.OpenCart.Testcases.OpenCart_RegestrationTest3" hash-for-method="registration(vinay, kona, vinaykona@gmail.com, 9000788667, 5425, wipro, 2345, blueraod, navystreet, hyderabad, 50...)">registration(vinay, kona, vinaykona@gmail.com, 9000788667, 5425, wipro, 2345, blueraod, navystreet, hyderabad, 50...)</a> <!-- method navigator-link -->
                      </span>
                      <br/>
                    </div> <!-- method-list-content passed suite-Suite -->
                  </li>
                </ul>
              </div> <!-- suite-section-content -->
            </div> <!-- result-section -->
          </div> <!-- navigator-suite-content -->
        </div> <!-- rounded-window -->
      </div> <!-- suite -->
    </div> <!-- navigator-root -->
    <div class="wrapper">
      <div class="main-panel-root">
        <div panel-name="suite-Suite" class="panel Suite">
          <div class="suite-Suite-class-failed">
            <div class="main-panel-header rounded-window-top">
              <img src="failed.png"/>
              <span class="class-name">Com.OpenCart.Testcases.OpenCart_RegestrationTest</span>
            </div> <!-- main-panel-header rounded-window-top -->
            <div class="main-panel-content rounded-window-bottom">
              <div class="method">
                <div class="method-content">
                  <a name="registration(vinay, kona, vinaykona@gmail.com, 9000788667, 5425, wipro, 2345, blueraod, navystreet, hyderabad, 50...)">
                  </a> <!-- registration(vinay, kona, vinaykona@gmail.com, 9000788667, 5425, wipro, 2345, blueraod, navystreet, hyderabad, 50...) -->
                  <span class="method-name">registration</span>
                  <span class="parameters">(vinay, kona, vinaykona@gmail.com, 9000788667, 5425, wipro, 2345, blueraod, navystreet, hyderabad, 500019, India, Goa, Vinay@24, Vinay@24)</span>
                  <div class="stack-trace">org.openqa.selenium.StaleElementReferenceException: Element is no longer valid
For documentation on this error, please visit: http://seleniumhq.org/exceptions/stale_element_reference.html
Build info: version: &apos;3.6.0&apos;, revision: &apos;6fbf3ec767&apos;, time: &apos;2017-09-27T15:28:36.4Z&apos;
System info: host: &apos;D-113063535&apos;, ip: &apos;10.159.34.191&apos;, os.name: &apos;Windows 10&apos;, os.arch: &apos;amd64&apos;, os.version: &apos;10.0&apos;, java.version: &apos;1.8.0_131&apos;
Driver info: org.openqa.selenium.remote.RemoteWebDriver
Capabilities [{se:ieOptions={nativeEvents=true, browserAttachTimeout=0, ie.ensureCleanSession=false, elementScrollBehavior=0, enablePersistentHover=true, ie.browserCommandLineSwitches=, ie.forceCreateProcessApi=false, requireWindowFocus=false, initialBrowserUrl=http://localhost:27094/, ignoreZoomSetting=false, ie.fileUploadDialogTimeout=3000, ignoreProtectedModeSettings=false}, timeouts={implicit=0, pageLoad=300000, script=30000}, pageLoadStrategy=normal, unhandledPromptBehavior=accept, platform=WINDOWS, proxy=Proxy(), webdriver.remote.sessionid=afb97a6a-66a0-4dcc-aecc-7b7137d4e44a, acceptInsecureCerts=false, browserVersion=11, browserName=internet explorer, javascriptEnabled=true, platformName=WINDOWS, setWindowRect=true}]
Session ID: afb97a6a-66a0-4dcc-aecc-7b7137d4e44a
	at org.openqa.selenium.remote.http.W3CHttpResponseCodec.createException(W3CHttpResponseCodec.java:185)
	at org.openqa.selenium.remote.http.W3CHttpResponseCodec.decode(W3CHttpResponseCodec.java:120)
	at org.openqa.selenium.remote.http.W3CHttpResponseCodec.decode(W3CHttpResponseCodec.java:49)
	at org.openqa.selenium.remote.HttpCommandExecutor.execute(HttpCommandExecutor.java:164)
	at org.openqa.selenium.remote.RemoteWebDriver.execute(RemoteWebDriver.java:586)
	at org.openqa.selenium.remote.RemoteWebElement.execute(RemoteWebElement.java:279)
	at org.openqa.selenium.remote.RemoteWebElement.click(RemoteWebElement.java:83)
	at org.openqa.selenium.support.pagefactory.internal.LocatingElementHandler.invoke(LocatingElementHandler.java:51)
	at com.sun.proxy.$Proxy12.click(Unknown Source)
	at Com.OpenCart.Utils.GenericMethods.myClick(GenericMethods.java:29)
	at Com.OpenCart.Testcases.OpenCart_RegestrationTest.registration(OpenCart_RegestrationTest.java:147)
	at java.util.concurrent.ThreadPoolExecutor.runWorker(Unknown Source)
	at java.util.concurrent.ThreadPoolExecutor$Worker.run(Unknown Source)
	at java.lang.Thread.run(Unknown Source)
... Removed 18 stack frames
</div> <!-- stack-trace -->
                </div> <!-- method-content -->
              </div> <!-- method -->
            </div> <!-- main-panel-content rounded-window-bottom -->
          </div> <!-- suite-Suite-class-failed -->
          <div class="suite-Suite-class-failed">
            <div class="main-panel-header rounded-window-top">
              <img src="failed.png"/>
              <span class="class-name">Com.OpenCart.Testcases.OpenCart_RegestrationTest3</span>
            </div> <!-- main-panel-header rounded-window-top -->
            <div class="main-panel-content rounded-window-bottom">
              <div class="method">
                <div class="method-content">
                  <a name="reviewProd(Amala, 2, Good)">
                  </a> <!-- reviewProd(Amala, 2, Good) -->
                  <span class="method-name">reviewProd</span>
                  <span class="parameters">(Amala, 2, Good)</span>
                  <div class="stack-trace">org.openqa.selenium.NoSuchElementException: no such element: Unable to locate element: {&quot;method&quot;:&quot;xpath&quot;,&quot;selector&quot;:&quot;//*[contains(text(),&apos;Reviews&apos;)]&quot;}
  (Session info: chrome=63.0.3239.132)
  (Driver info: chromedriver=2.33.506120 (e3e53437346286c0bc2d2dc9aa4915ba81d9023f),platform=Windows NT 10.0.14393 x86_64) (WARNING: The server did not provide any stacktrace information)
Command duration or timeout: 0 milliseconds
For documentation on this error, please visit: http://seleniumhq.org/exceptions/no_such_element.html
Build info: version: &apos;3.6.0&apos;, revision: &apos;6fbf3ec767&apos;, time: &apos;2017-09-27T15:28:36.4Z&apos;
System info: host: &apos;D-113063535&apos;, ip: &apos;10.159.34.191&apos;, os.name: &apos;Windows 10&apos;, os.arch: &apos;amd64&apos;, os.version: &apos;10.0&apos;, java.version: &apos;1.8.0_131&apos;
Driver info: org.openqa.selenium.remote.RemoteWebDriver
Capabilities [{mobileEmulationEnabled=false, hasTouchScreen=false, platform=XP, acceptSslCerts=true, webStorageEnabled=true, browserName=chrome, takesScreenshot=true, javascriptEnabled=true, platformName=XP, setWindowRect=true, unexpectedAlertBehaviour=, applicationCacheEnabled=false, rotatable=false, networkConnectionEnabled=false, chrome={chromedriverVersion=2.33.506120 (e3e53437346286c0bc2d2dc9aa4915ba81d9023f), userDataDir=C:\Users\ko398195\AppData\Local\Temp\scoped_dir8708_5063}, takesHeapSnapshot=true, pageLoadStrategy=normal, unhandledPromptBehavior=, databaseEnabled=false, handlesAlerts=true, version=63.0.3239.132, browserConnectionEnabled=false, nativeEvents=true, webdriver.remote.sessionid=27ded783b7032ea7281e20f1214d2e64, locationContextEnabled=true, cssSelectorsEnabled=true}]
Session ID: 27ded783b7032ea7281e20f1214d2e64
*** Element info: {Using=xpath, value=//*[contains(text(),&apos;Reviews&apos;)]}
	at org.openqa.selenium.remote.ErrorHandler.createThrowable(ErrorHandler.java:214)
	at org.openqa.selenium.remote.ErrorHandler.throwIfResponseFailed(ErrorHandler.java:166)
	at org.openqa.selenium.remote.http.JsonHttpResponseCodec.reconstructValue(JsonHttpResponseCodec.java:40)
	at org.openqa.selenium.remote.http.AbstractHttpResponseCodec.decode(AbstractHttpResponseCodec.java:82)
	at org.openqa.selenium.remote.http.AbstractHttpResponseCodec.decode(AbstractHttpResponseCodec.java:45)
	at org.openqa.selenium.remote.HttpCommandExecutor.execute(HttpCommandExecutor.java:164)
	at org.openqa.selenium.remote.RemoteWebDriver.execute(RemoteWebDriver.java:586)
	at org.openqa.selenium.remote.RemoteWebDriver.findElement(RemoteWebDriver.java:356)
	at org.openqa.selenium.remote.RemoteWebDriver.findElementByXPath(RemoteWebDriver.java:458)
	at org.openqa.selenium.By$ByXPath.findElement(By.java:361)
	at org.openqa.selenium.remote.RemoteWebDriver.findElement(RemoteWebDriver.java:348)
	at Com.OpenCart.Testcases.OpenCart_RegestrationTest3.reviewProd(OpenCart_RegestrationTest3.java:219)
	at java.util.concurrent.ThreadPoolExecutor.runWorker(Unknown Source)
	at java.util.concurrent.ThreadPoolExecutor$Worker.run(Unknown Source)
	at java.lang.Thread.run(Unknown Source)
... Removed 14 stack frames
</div> <!-- stack-trace -->
                </div> <!-- method-content -->
              </div> <!-- method -->
              <div class="method">
                <div class="method-content">
                  <a name="reviewProd(Kamal, 3, kona vinay dhhdshhdhdhhdhsalsjghkdjsfghfdkhjk)">
                  </a> <!-- reviewProd(Kamal, 3, kona vinay dhhdshhdhdhhdhsalsjghkdjsfghfdkhjk) -->
                  <span class="method-name">reviewProd</span>
                  <span class="parameters">(Kamal, 3, kona vinay dhhdshhdhdhhdhsalsjghkdjsfghfdkhjk)</span>
                  <div class="stack-trace">org.openqa.selenium.NoSuchElementException: no such element: Unable to locate element: {&quot;method&quot;:&quot;xpath&quot;,&quot;selector&quot;:&quot;//*[contains(text(),&apos;Reviews&apos;)]&quot;}
  (Session info: chrome=63.0.3239.132)
  (Driver info: chromedriver=2.33.506120 (e3e53437346286c0bc2d2dc9aa4915ba81d9023f),platform=Windows NT 10.0.14393 x86_64) (WARNING: The server did not provide any stacktrace information)
Command duration or timeout: 0 milliseconds
For documentation on this error, please visit: http://seleniumhq.org/exceptions/no_such_element.html
Build info: version: &apos;3.6.0&apos;, revision: &apos;6fbf3ec767&apos;, time: &apos;2017-09-27T15:28:36.4Z&apos;
System info: host: &apos;D-113063535&apos;, ip: &apos;10.159.34.191&apos;, os.name: &apos;Windows 10&apos;, os.arch: &apos;amd64&apos;, os.version: &apos;10.0&apos;, java.version: &apos;1.8.0_131&apos;
Driver info: org.openqa.selenium.remote.RemoteWebDriver
Capabilities [{mobileEmulationEnabled=false, hasTouchScreen=false, platform=XP, acceptSslCerts=true, webStorageEnabled=true, browserName=chrome, takesScreenshot=true, javascriptEnabled=true, platformName=XP, setWindowRect=true, unexpectedAlertBehaviour=, applicationCacheEnabled=false, rotatable=false, networkConnectionEnabled=false, chrome={chromedriverVersion=2.33.506120 (e3e53437346286c0bc2d2dc9aa4915ba81d9023f), userDataDir=C:\Users\ko398195\AppData\Local\Temp\scoped_dir8708_5063}, takesHeapSnapshot=true, pageLoadStrategy=normal, unhandledPromptBehavior=, databaseEnabled=false, handlesAlerts=true, version=63.0.3239.132, browserConnectionEnabled=false, nativeEvents=true, webdriver.remote.sessionid=27ded783b7032ea7281e20f1214d2e64, locationContextEnabled=true, cssSelectorsEnabled=true}]
Session ID: 27ded783b7032ea7281e20f1214d2e64
*** Element info: {Using=xpath, value=//*[contains(text(),&apos;Reviews&apos;)]}
	at org.openqa.selenium.remote.ErrorHandler.createThrowable(ErrorHandler.java:214)
	at org.openqa.selenium.remote.ErrorHandler.throwIfResponseFailed(ErrorHandler.java:166)
	at org.openqa.selenium.remote.http.JsonHttpResponseCodec.reconstructValue(JsonHttpResponseCodec.java:40)
	at org.openqa.selenium.remote.http.AbstractHttpResponseCodec.decode(AbstractHttpResponseCodec.java:82)
	at org.openqa.selenium.remote.http.AbstractHttpResponseCodec.decode(AbstractHttpResponseCodec.java:45)
	at org.openqa.selenium.remote.HttpCommandExecutor.execute(HttpCommandExecutor.java:164)
	at org.openqa.selenium.remote.RemoteWebDriver.execute(RemoteWebDriver.java:586)
	at org.openqa.selenium.remote.RemoteWebDriver.findElement(RemoteWebDriver.java:356)
	at org.openqa.selenium.remote.RemoteWebDriver.findElementByXPath(RemoteWebDriver.java:458)
	at org.openqa.selenium.By$ByXPath.findElement(By.java:361)
	at org.openqa.selenium.remote.RemoteWebDriver.findElement(RemoteWebDriver.java:348)
	at Com.OpenCart.Testcases.OpenCart_RegestrationTest3.reviewProd(OpenCart_RegestrationTest3.java:219)
	at java.util.concurrent.ThreadPoolExecutor.runWorker(Unknown Source)
	at java.util.concurrent.ThreadPoolExecutor$Worker.run(Unknown Source)
	at java.lang.Thread.run(Unknown Source)
... Removed 14 stack frames
</div> <!-- stack-trace -->
                </div> <!-- method-content -->
              </div> <!-- method -->
            </div> <!-- main-panel-content rounded-window-bottom -->
          </div> <!-- suite-Suite-class-failed -->
          <div class="suite-Suite-class-failed">
            <div class="main-panel-header rounded-window-top">
              <img src="failed.png"/>
              <span class="class-name">Com.OpenCart.Testcases.OpenCart_RegestrationTest2</span>
            </div> <!-- main-panel-header rounded-window-top -->
            <div class="main-panel-content rounded-window-bottom">
              <div class="method">
                <div class="method-content">
                  <a name="reviewProd(Amala, 2, Good)">
                  </a> <!-- reviewProd(Amala, 2, Good) -->
                  <span class="method-name">reviewProd</span>
                  <span class="parameters">(Amala, 2, Good)</span>
                  <div class="stack-trace">org.openqa.selenium.NoSuchElementException: no such element: Unable to locate element: {&quot;method&quot;:&quot;xpath&quot;,&quot;selector&quot;:&quot;//*[contains(text(),&apos;Reviews&apos;)]&quot;}
  (Session info: chrome=63.0.3239.132)
  (Driver info: chromedriver=2.33.506120 (e3e53437346286c0bc2d2dc9aa4915ba81d9023f),platform=Windows NT 10.0.14393 x86_64) (WARNING: The server did not provide any stacktrace information)
Command duration or timeout: 0 milliseconds
For documentation on this error, please visit: http://seleniumhq.org/exceptions/no_such_element.html
Build info: version: &apos;3.6.0&apos;, revision: &apos;6fbf3ec767&apos;, time: &apos;2017-09-27T15:28:36.4Z&apos;
System info: host: &apos;D-113063535&apos;, ip: &apos;10.159.34.191&apos;, os.name: &apos;Windows 10&apos;, os.arch: &apos;amd64&apos;, os.version: &apos;10.0&apos;, java.version: &apos;1.8.0_131&apos;
Driver info: org.openqa.selenium.remote.RemoteWebDriver
Capabilities [{mobileEmulationEnabled=false, hasTouchScreen=false, platform=XP, acceptSslCerts=true, webStorageEnabled=true, browserName=chrome, takesScreenshot=true, javascriptEnabled=true, platformName=XP, setWindowRect=true, unexpectedAlertBehaviour=, applicationCacheEnabled=false, rotatable=false, networkConnectionEnabled=false, chrome={chromedriverVersion=2.33.506120 (e3e53437346286c0bc2d2dc9aa4915ba81d9023f), userDataDir=C:\Users\ko398195\AppData\Local\Temp\scoped_dir2660_19985}, takesHeapSnapshot=true, pageLoadStrategy=normal, unhandledPromptBehavior=, databaseEnabled=false, handlesAlerts=true, version=63.0.3239.132, browserConnectionEnabled=false, nativeEvents=true, webdriver.remote.sessionid=84e37ad917ed50d1be8864311b4ce5e9, locationContextEnabled=true, cssSelectorsEnabled=true}]
Session ID: 84e37ad917ed50d1be8864311b4ce5e9
*** Element info: {Using=xpath, value=//*[contains(text(),&apos;Reviews&apos;)]}
	at org.openqa.selenium.remote.ErrorHandler.createThrowable(ErrorHandler.java:214)
	at org.openqa.selenium.remote.ErrorHandler.throwIfResponseFailed(ErrorHandler.java:166)
	at org.openqa.selenium.remote.http.JsonHttpResponseCodec.reconstructValue(JsonHttpResponseCodec.java:40)
	at org.openqa.selenium.remote.http.AbstractHttpResponseCodec.decode(AbstractHttpResponseCodec.java:82)
	at org.openqa.selenium.remote.http.AbstractHttpResponseCodec.decode(AbstractHttpResponseCodec.java:45)
	at org.openqa.selenium.remote.HttpCommandExecutor.execute(HttpCommandExecutor.java:164)
	at org.openqa.selenium.remote.RemoteWebDriver.execute(RemoteWebDriver.java:586)
	at org.openqa.selenium.remote.RemoteWebDriver.findElement(RemoteWebDriver.java:356)
	at org.openqa.selenium.remote.RemoteWebDriver.findElementByXPath(RemoteWebDriver.java:458)
	at org.openqa.selenium.By$ByXPath.findElement(By.java:361)
	at org.openqa.selenium.remote.RemoteWebDriver.findElement(RemoteWebDriver.java:348)
	at Com.OpenCart.Testcases.OpenCart_RegestrationTest2.reviewProd(OpenCart_RegestrationTest2.java:218)
	at java.util.concurrent.ThreadPoolExecutor.runWorker(Unknown Source)
	at java.util.concurrent.ThreadPoolExecutor$Worker.run(Unknown Source)
	at java.lang.Thread.run(Unknown Source)
... Removed 14 stack frames
</div> <!-- stack-trace -->
                </div> <!-- method-content -->
              </div> <!-- method -->
              <div class="method">
                <div class="method-content">
                  <a name="reviewProd(Kamal, 3, kona vinay dhhdshhdhdhhdhsalsjghkdjsfghfdkhjk)">
                  </a> <!-- reviewProd(Kamal, 3, kona vinay dhhdshhdhdhhdhsalsjghkdjsfghfdkhjk) -->
                  <span class="method-name">reviewProd</span>
                  <span class="parameters">(Kamal, 3, kona vinay dhhdshhdhdhhdhsalsjghkdjsfghfdkhjk)</span>
                  <div class="stack-trace">org.openqa.selenium.NoSuchElementException: no such element: Unable to locate element: {&quot;method&quot;:&quot;xpath&quot;,&quot;selector&quot;:&quot;//*[contains(text(),&apos;Reviews&apos;)]&quot;}
  (Session info: chrome=63.0.3239.132)
  (Driver info: chromedriver=2.33.506120 (e3e53437346286c0bc2d2dc9aa4915ba81d9023f),platform=Windows NT 10.0.14393 x86_64) (WARNING: The server did not provide any stacktrace information)
Command duration or timeout: 0 milliseconds
For documentation on this error, please visit: http://seleniumhq.org/exceptions/no_such_element.html
Build info: version: &apos;3.6.0&apos;, revision: &apos;6fbf3ec767&apos;, time: &apos;2017-09-27T15:28:36.4Z&apos;
System info: host: &apos;D-113063535&apos;, ip: &apos;10.159.34.191&apos;, os.name: &apos;Windows 10&apos;, os.arch: &apos;amd64&apos;, os.version: &apos;10.0&apos;, java.version: &apos;1.8.0_131&apos;
Driver info: org.openqa.selenium.remote.RemoteWebDriver
Capabilities [{mobileEmulationEnabled=false, hasTouchScreen=false, platform=XP, acceptSslCerts=true, webStorageEnabled=true, browserName=chrome, takesScreenshot=true, javascriptEnabled=true, platformName=XP, setWindowRect=true, unexpectedAlertBehaviour=, applicationCacheEnabled=false, rotatable=false, networkConnectionEnabled=false, chrome={chromedriverVersion=2.33.506120 (e3e53437346286c0bc2d2dc9aa4915ba81d9023f), userDataDir=C:\Users\ko398195\AppData\Local\Temp\scoped_dir2660_19985}, takesHeapSnapshot=true, pageLoadStrategy=normal, unhandledPromptBehavior=, databaseEnabled=false, handlesAlerts=true, version=63.0.3239.132, browserConnectionEnabled=false, nativeEvents=true, webdriver.remote.sessionid=84e37ad917ed50d1be8864311b4ce5e9, locationContextEnabled=true, cssSelectorsEnabled=true}]
Session ID: 84e37ad917ed50d1be8864311b4ce5e9
*** Element info: {Using=xpath, value=//*[contains(text(),&apos;Reviews&apos;)]}
	at org.openqa.selenium.remote.ErrorHandler.createThrowable(ErrorHandler.java:214)
	at org.openqa.selenium.remote.ErrorHandler.throwIfResponseFailed(ErrorHandler.java:166)
	at org.openqa.selenium.remote.http.JsonHttpResponseCodec.reconstructValue(JsonHttpResponseCodec.java:40)
	at org.openqa.selenium.remote.http.AbstractHttpResponseCodec.decode(AbstractHttpResponseCodec.java:82)
	at org.openqa.selenium.remote.http.AbstractHttpResponseCodec.decode(AbstractHttpResponseCodec.java:45)
	at org.openqa.selenium.remote.HttpCommandExecutor.execute(HttpCommandExecutor.java:164)
	at org.openqa.selenium.remote.RemoteWebDriver.execute(RemoteWebDriver.java:586)
	at org.openqa.selenium.remote.RemoteWebDriver.findElement(RemoteWebDriver.java:356)
	at org.openqa.selenium.remote.RemoteWebDriver.findElementByXPath(RemoteWebDriver.java:458)
	at org.openqa.selenium.By$ByXPath.findElement(By.java:361)
	at org.openqa.selenium.remote.RemoteWebDriver.findElement(RemoteWebDriver.java:348)
	at Com.OpenCart.Testcases.OpenCart_RegestrationTest2.reviewProd(OpenCart_RegestrationTest2.java:218)
	at java.util.concurrent.ThreadPoolExecutor.runWorker(Unknown Source)
	at java.util.concurrent.ThreadPoolExecutor$Worker.run(Unknown Source)
	at java.lang.Thread.run(Unknown Source)
... Removed 14 stack frames
</div> <!-- stack-trace -->
                </div> <!-- method-content -->
              </div> <!-- method -->
            </div> <!-- main-panel-content rounded-window-bottom -->
          </div> <!-- suite-Suite-class-failed -->
          <div class="suite-Suite-class-skipped">
            <div class="main-panel-header rounded-window-top">
              <img src="skipped.png"/>
              <span class="class-name">Com.OpenCart.Testcases.OpenCart_RegestrationTest</span>
            </div> <!-- main-panel-header rounded-window-top -->
            <div class="main-panel-content rounded-window-bottom">
              <div class="method">
                <div class="method-content">
                  <a name="addToWishList">
                  </a> <!-- addToWishList -->
                  <span class="method-name">addToWishList</span>
                  <div class="stack-trace">java.lang.Throwable: Method OpenCart_RegestrationTest.addToWishList()[pri:0, instance:Com.OpenCart.Testcases.OpenCart_RegestrationTest@3ffc5af1] depends on not successfully finished methods
	at java.util.concurrent.ThreadPoolExecutor.runWorker(Unknown Source)
	at java.util.concurrent.ThreadPoolExecutor$Worker.run(Unknown Source)
	at java.lang.Thread.run(Unknown Source)
... Removed 3 stack frames
</div> <!-- stack-trace -->
                  <em>
(add to Wish list)                  </em>
                </div> <!-- method-content -->
              </div> <!-- method -->
              <div class="method">
                <div class="method-content">
                  <a name="reviewProd">
                  </a> <!-- reviewProd -->
                  <span class="method-name">reviewProd</span>
                  <div class="stack-trace">java.lang.Throwable: Method OpenCart_RegestrationTest.reviewProd(java.lang.String, java.lang.String, java.lang.String)[pri:0, instance:Com.OpenCart.Testcases.OpenCart_RegestrationTest@3ffc5af1] depends on not successfully finished methods
	at java.util.concurrent.ThreadPoolExecutor.runWorker(Unknown Source)
	at java.util.concurrent.ThreadPoolExecutor$Worker.run(Unknown Source)
	at java.lang.Thread.run(Unknown Source)
... Removed 3 stack frames
</div> <!-- stack-trace -->
                </div> <!-- method-content -->
              </div> <!-- method -->
            </div> <!-- main-panel-content rounded-window-bottom -->
          </div> <!-- suite-Suite-class-skipped -->
          <div class="suite-Suite-class-skipped">
            <div class="main-panel-header rounded-window-top">
              <img src="skipped.png"/>
              <span class="class-name">Com.OpenCart.Testcases.OpenCart_RegestrationTest3</span>
            </div> <!-- main-panel-header rounded-window-top -->
            <div class="main-panel-content rounded-window-bottom">
              <div class="method">
                <div class="method-content">
                  <a name="addToWishList">
                  </a> <!-- addToWishList -->
                  <span class="method-name">addToWishList</span>
                  <div class="stack-trace">java.lang.Throwable: Method OpenCart_RegestrationTest3.addToWishList()[pri:0, instance:Com.OpenCart.Testcases.OpenCart_RegestrationTest3@26653222] depends on not successfully finished methods
	at java.util.concurrent.ThreadPoolExecutor.runWorker(Unknown Source)
	at java.util.concurrent.ThreadPoolExecutor$Worker.run(Unknown Source)
	at java.lang.Thread.run(Unknown Source)
... Removed 3 stack frames
</div> <!-- stack-trace -->
                  <em>
(add to Wish list)                  </em>
                </div> <!-- method-content -->
              </div> <!-- method -->
            </div> <!-- main-panel-content rounded-window-bottom -->
          </div> <!-- suite-Suite-class-skipped -->
          <div class="suite-Suite-class-skipped">
            <div class="main-panel-header rounded-window-top">
              <img src="skipped.png"/>
              <span class="class-name">Com.OpenCart.Testcases.OpenCart_RegestrationTest2</span>
            </div> <!-- main-panel-header rounded-window-top -->
            <div class="main-panel-content rounded-window-bottom">
              <div class="method">
                <div class="method-content">
                  <a name="addToWishList">
                  </a> <!-- addToWishList -->
                  <span class="method-name">addToWishList</span>
                  <div class="stack-trace">java.lang.Throwable: Method OpenCart_RegestrationTest2.addToWishList()[pri:0, instance:Com.OpenCart.Testcases.OpenCart_RegestrationTest2@5e5792a0] depends on not successfully finished methods
	at java.util.concurrent.ThreadPoolExecutor.runWorker(Unknown Source)
	at java.util.concurrent.ThreadPoolExecutor$Worker.run(Unknown Source)
	at java.lang.Thread.run(Unknown Source)
... Removed 3 stack frames
</div> <!-- stack-trace -->
                  <em>
(add to Wish list)                  </em>
                </div> <!-- method-content -->
              </div> <!-- method -->
            </div> <!-- main-panel-content rounded-window-bottom -->
          </div> <!-- suite-Suite-class-skipped -->
          <div class="suite-Suite-class-passed">
            <div class="main-panel-header rounded-window-top">
              <img src="passed.png"/>
              <span class="class-name">Com.OpenCart.Testcases.OpenCart_RegestrationTest</span>
            </div> <!-- main-panel-header rounded-window-top -->
            <div class="main-panel-content rounded-window-bottom">
              <div class="method">
                <div class="method-content">
                  <a name="openApp">
                  </a> <!-- openApp -->
                  <span class="method-name">openApp</span>
                  <em>
(Launch openCart application)                  </em>
                </div> <!-- method-content -->
              </div> <!-- method -->
            </div> <!-- main-panel-content rounded-window-bottom -->
          </div> <!-- suite-Suite-class-passed -->
          <div class="suite-Suite-class-passed">
            <div class="main-panel-header rounded-window-top">
              <img src="passed.png"/>
              <span class="class-name">Com.OpenCart.Testcases.OpenCart_RegestrationTest3</span>
            </div> <!-- main-panel-header rounded-window-top -->
            <div class="main-panel-content rounded-window-bottom">
              <div class="method">
                <div class="method-content">
                  <a name="openApp">
                  </a> <!-- openApp -->
                  <span class="method-name">openApp</span>
                  <em>
(Launch openCart application)                  </em>
                </div> <!-- method-content -->
              </div> <!-- method -->
              <div class="method">
                <div class="method-content">
                  <a name="registration(vinay, kona, vinaykona@gmail.com, 9000788667, 5425, wipro, 2345, blueraod, navystreet, hyderabad, 50...)">
                  </a> <!-- registration(vinay, kona, vinaykona@gmail.com, 9000788667, 5425, wipro, 2345, blueraod, navystreet, hyderabad, 50...) -->
                  <span class="method-name">registration</span>
                  <span class="parameters">(vinay, kona, vinaykona@gmail.com, 9000788667, 5425, wipro, 2345, blueraod, navystreet, hyderabad, 500019, India, Goa, Vinay@24, Vinay@24)</span>
                </div> <!-- method-content -->
              </div> <!-- method -->
            </div> <!-- main-panel-content rounded-window-bottom -->
          </div> <!-- suite-Suite-class-passed -->
          <div class="suite-Suite-class-passed">
            <div class="main-panel-header rounded-window-top">
              <img src="passed.png"/>
              <span class="class-name">Com.OpenCart.Testcases.OpenCart_RegestrationTest2</span>
            </div> <!-- main-panel-header rounded-window-top -->
            <div class="main-panel-content rounded-window-bottom">
              <div class="method">
                <div class="method-content">
                  <a name="openApp">
                  </a> <!-- openApp -->
                  <span class="method-name">openApp</span>
                  <em>
(Launch openCart application)                  </em>
                </div> <!-- method-content -->
              </div> <!-- method -->
              <div class="method">
                <div class="method-content">
                  <a name="registration(vinay, kona, vinaykona@gmail.com, 9000788667, 5425, wipro, 2345, blueraod, navystreet, hyderabad, 50...)">
                  </a> <!-- registration(vinay, kona, vinaykona@gmail.com, 9000788667, 5425, wipro, 2345, blueraod, navystreet, hyderabad, 50...) -->
                  <span class="method-name">registration</span>
                  <span class="parameters">(vinay, kona, vinaykona@gmail.com, 9000788667, 5425, wipro, 2345, blueraod, navystreet, hyderabad, 500019, India, Goa, Vinay@24, Vinay@24)</span>
                </div> <!-- method-content -->
              </div> <!-- method -->
            </div> <!-- main-panel-content rounded-window-bottom -->
          </div> <!-- suite-Suite-class-passed -->
        </div> <!-- panel Suite -->
        <div panel-name="test-xml-Suite" class="panel">
          <div class="main-panel-header rounded-window-top">
            <span class="header-content">D:\OpenCartDemo\testng.xml</span>
          </div> <!-- main-panel-header rounded-window-top -->
          <div class="main-panel-content rounded-window-bottom">
            <pre>
&lt;?xml version=&quot;1.0&quot; encoding=&quot;UTF-8&quot;?&gt;
&lt;!DOCTYPE suite SYSTEM &quot;http://testng.org/testng-1.0.dtd&quot;&gt;
&lt;suite guice-stage=&quot;DEVELOPMENT&quot; name=&quot;Suite&quot; parallel=&quot;classes&quot;&gt;
  &lt;test name=&quot;Test1&quot;&gt;
    &lt;classes&gt;
      &lt;class name=&quot;Com.OpenCart.Testcases.OpenCart_RegestrationTest&quot;/&gt;
      &lt;class name=&quot;Com.OpenCart.Testcases.OpenCart_RegestrationTest2&quot;/&gt;
      &lt;class name=&quot;Com.OpenCart.Testcases.OpenCart_RegestrationTest3&quot;/&gt;
    &lt;/classes&gt;
  &lt;/test&gt; &lt;!-- Test1 --&gt;
&lt;/suite&gt; &lt;!-- Suite --&gt;
            </pre>
          </div> <!-- main-panel-content rounded-window-bottom -->
        </div> <!-- panel -->
        <div panel-name="testlist-Suite" class="panel">
          <div class="main-panel-header rounded-window-top">
            <span class="header-content">Tests for Suite</span>
          </div> <!-- main-panel-header rounded-window-top -->
          <div class="main-panel-content rounded-window-bottom">
            <ul>
              <li>
                <span class="test-name">Test1 (3 classes)</span>
              </li>
            </ul>
          </div> <!-- main-panel-content rounded-window-bottom -->
        </div> <!-- panel -->
        <div panel-name="group-Suite" class="panel">
          <div class="main-panel-header rounded-window-top">
            <span class="header-content">Groups for Suite</span>
          </div> <!-- main-panel-header rounded-window-top -->
          <div class="main-panel-content rounded-window-bottom">
          </div> <!-- main-panel-content rounded-window-bottom -->
        </div> <!-- panel -->
        <div panel-name="times-Suite" class="panel">
          <div class="main-panel-header rounded-window-top">
            <span class="header-content">Times for Suite</span>
          </div> <!-- main-panel-header rounded-window-top -->
          <div class="main-panel-content rounded-window-bottom">
            <div class="times-div">
              <script type="text/javascript">
suiteTableInitFunctions.push('tableData_Suite');
function tableData_Suite() {
var data = new google.visualization.DataTable();
data.addColumn('number', 'Number');
data.addColumn('string', 'Method');
data.addColumn('string', 'Class');
data.addColumn('number', 'Time (ms)');
data.addRows(14);
data.setCell(0, 0, 0)
data.setCell(0, 1, 'registration')
data.setCell(0, 2, 'Com.OpenCart.Testcases.OpenCart_RegestrationTest2')
data.setCell(0, 3, 29907);
data.setCell(1, 0, 1)
data.setCell(1, 1, 'registration')
data.setCell(1, 2, 'Com.OpenCart.Testcases.OpenCart_RegestrationTest3')
data.setCell(1, 3, 29191);
data.setCell(2, 0, 2)
data.setCell(2, 1, 'reviewProd')
data.setCell(2, 2, 'Com.OpenCart.Testcases.OpenCart_RegestrationTest2')
data.setCell(2, 3, 11192);
data.setCell(3, 0, 3)
data.setCell(3, 1, 'reviewProd')
data.setCell(3, 2, 'Com.OpenCart.Testcases.OpenCart_RegestrationTest3')
data.setCell(3, 3, 10187);
data.setCell(4, 0, 4)
data.setCell(4, 1, 'reviewProd')
data.setCell(4, 2, 'Com.OpenCart.Testcases.OpenCart_RegestrationTest2')
data.setCell(4, 3, 10038);
data.setCell(5, 0, 5)
data.setCell(5, 1, 'reviewProd')
data.setCell(5, 2, 'Com.OpenCart.Testcases.OpenCart_RegestrationTest3')
data.setCell(5, 3, 10032);
data.setCell(6, 0, 6)
data.setCell(6, 1, 'openApp')
data.setCell(6, 2, 'Com.OpenCart.Testcases.OpenCart_RegestrationTest3')
data.setCell(6, 3, 4883);
data.setCell(7, 0, 7)
data.setCell(7, 1, 'openApp')
data.setCell(7, 2, 'Com.OpenCart.Testcases.OpenCart_RegestrationTest2')
data.setCell(7, 3, 3969);
data.setCell(8, 0, 8)
data.setCell(8, 1, 'openApp')
data.setCell(8, 2, 'Com.OpenCart.Testcases.OpenCart_RegestrationTest')
data.setCell(8, 3, 2811);
data.setCell(9, 0, 9)
data.setCell(9, 1, 'registration')
data.setCell(9, 2, 'Com.OpenCart.Testcases.OpenCart_RegestrationTest')
data.setCell(9, 3, 1908);
data.setCell(10, 0, 10)
data.setCell(10, 1, 'addToWishList')
data.setCell(10, 2, 'Com.OpenCart.Testcases.OpenCart_RegestrationTest')
data.setCell(10, 3, 0);
data.setCell(11, 0, 11)
data.setCell(11, 1, 'reviewProd')
data.setCell(11, 2, 'Com.OpenCart.Testcases.OpenCart_RegestrationTest')
data.setCell(11, 3, 0);
data.setCell(12, 0, 12)
data.setCell(12, 1, 'addToWishList')
data.setCell(12, 2, 'Com.OpenCart.Testcases.OpenCart_RegestrationTest3')
data.setCell(12, 3, 0);
data.setCell(13, 0, 13)
data.setCell(13, 1, 'addToWishList')
data.setCell(13, 2, 'Com.OpenCart.Testcases.OpenCart_RegestrationTest2')
data.setCell(13, 3, 0);
window.suiteTableData['Suite']= { tableData: data, tableDiv: 'times-div-Suite'}
return data;
}
              </script>
              <span class="suite-total-time">Total running time: 1 minutes</span>
              <div id="times-div-Suite">
              </div> <!-- times-div-Suite -->
            </div> <!-- times-div -->
          </div> <!-- main-panel-content rounded-window-bottom -->
        </div> <!-- panel -->
        <div panel-name="reporter-Suite" class="panel">
          <div class="main-panel-header rounded-window-top">
            <span class="header-content">Reporter output for Suite</span>
          </div> <!-- main-panel-header rounded-window-top -->
          <div class="main-panel-content rounded-window-bottom">
          </div> <!-- main-panel-content rounded-window-bottom -->
        </div> <!-- panel -->
        <div panel-name="ignored-methods-Suite" class="panel">
          <div class="main-panel-header rounded-window-top">
            <span class="header-content">0 ignored methods</span>
          </div> <!-- main-panel-header rounded-window-top -->
          <div class="main-panel-content rounded-window-bottom">
          </div> <!-- main-panel-content rounded-window-bottom -->
        </div> <!-- panel -->
        <div panel-name="chronological-Suite" class="panel">
          <div class="main-panel-header rounded-window-top">
            <span class="header-content">Methods in chronological order</span>
          </div> <!-- main-panel-header rounded-window-top -->
          <div class="main-panel-content rounded-window-bottom">
            <div class="chronological-class">
              <div class="chronological-class-name">Com.OpenCart.Testcases.OpenCart_RegestrationTest</div> <!-- chronological-class-name -->
              <div class="configuration-test before">
                <span class="method-name">intialize</span>
                <span class="method-start">0 ms</span>
              </div> <!-- configuration-test before -->
            </div> <!-- chronological-class -->
            <div class="chronological-class">
              <div class="chronological-class-name">Com.OpenCart.Testcases.OpenCart_RegestrationTest2</div> <!-- chronological-class-name -->
              <div class="configuration-test before">
                <span class="method-name">intialize</span>
                <span class="method-start">4417 ms</span>
              </div> <!-- configuration-test before -->
            </div> <!-- chronological-class -->
            <div class="chronological-class">
              <div class="chronological-class-name">Com.OpenCart.Testcases.OpenCart_RegestrationTest3</div> <!-- chronological-class-name -->
              <div class="configuration-test before">
                <span class="method-name">intialize</span>
                <span class="method-start">12297 ms</span>
              </div> <!-- configuration-test before -->
            </div> <!-- chronological-class -->
            <div class="chronological-class">
              <div class="chronological-class-name">Com.OpenCart.Testcases.OpenCart_RegestrationTest</div> <!-- chronological-class-name -->
              <div class="configuration-class before">
                <span class="method-name">initializeReport</span>
                <span class="method-start">17499 ms</span>
              </div> <!-- configuration-class before -->
            </div> <!-- chronological-class -->
            <div class="chronological-class">
              <div class="chronological-class-name">Com.OpenCart.Testcases.OpenCart_RegestrationTest3</div> <!-- chronological-class-name -->
              <div class="configuration-class before">
                <span class="method-name">initializeReport</span>
                <span class="method-start">17499 ms</span>
              </div> <!-- configuration-class before -->
            </div> <!-- chronological-class -->
            <div class="chronological-class">
              <div class="chronological-class-name">Com.OpenCart.Testcases.OpenCart_RegestrationTest2</div> <!-- chronological-class-name -->
              <div class="configuration-class before">
                <span class="method-name">initializeReport</span>
                <span class="method-start">17499 ms</span>
              </div> <!-- configuration-class before -->
              <div class="test-method">
                <span class="method-name">openApp</span>
                <span class="method-start">17624 ms</span>
              </div> <!-- test-method -->
            </div> <!-- chronological-class -->
            <div class="chronological-class">
              <div class="chronological-class-name">Com.OpenCart.Testcases.OpenCart_RegestrationTest3</div> <!-- chronological-class-name -->
              <div class="test-method">
                <span class="method-name">openApp</span>
                <span class="method-start">17624 ms</span>
              </div> <!-- test-method -->
            </div> <!-- chronological-class -->
            <div class="chronological-class">
              <div class="chronological-class-name">Com.OpenCart.Testcases.OpenCart_RegestrationTest</div> <!-- chronological-class-name -->
              <div class="test-method">
                <span class="method-name">openApp</span>
                <span class="method-start">17624 ms</span>
              </div> <!-- test-method -->
              <div class="configuration-method after">
                <span class="method-name">getResult([TestResult name=openApp status=SUCCESS method=OpenCart_RegestrationTest.openApp()[pri:0, instance:C...)</span>
                <span class="method-start">20436 ms</span>
              </div> <!-- configuration-method after -->
              <div class="test-method">
                <img src="failed.png">
                </img>
                <span class="method-name">registration(vinay, kona, vinaykona@gmail.com, 9000788667, 5425, wipro, 2345, blueraod, navystreet, hyderabad, 50...)</span>
                <span class="method-start">21110 ms</span>
              </div> <!-- test-method -->
            </div> <!-- chronological-class -->
            <div class="chronological-class">
              <div class="chronological-class-name">Com.OpenCart.Testcases.OpenCart_RegestrationTest2</div> <!-- chronological-class-name -->
              <div class="configuration-method after">
                <span class="method-name">getResult([TestResult name=openApp status=SUCCESS method=OpenCart_RegestrationTest2.openApp()[pri:0, instance:...)</span>
                <span class="method-start">21594 ms</span>
              </div> <!-- configuration-method after -->
              <div class="configuration-class before">
                <span class="method-name">initializeReport</span>
                <span class="method-start">21597 ms</span>
              </div> <!-- configuration-class before -->
              <div class="test-method">
                <span class="method-name">registration(vinay, kona, vinaykona@gmail.com, 9000788667, 5425, wipro, 2345, blueraod, navystreet, hyderabad, 50...)</span>
                <span class="method-start">21705 ms</span>
              </div> <!-- test-method -->
            </div> <!-- chronological-class -->
            <div class="chronological-class">
              <div class="chronological-class-name">Com.OpenCart.Testcases.OpenCart_RegestrationTest3</div> <!-- chronological-class-name -->
              <div class="configuration-method after">
                <span class="method-name">getResult([TestResult name=openApp status=SUCCESS method=OpenCart_RegestrationTest3.openApp()[pri:0, instance:...)</span>
                <span class="method-start">22508 ms</span>
              </div> <!-- configuration-method after -->
              <div class="configuration-class before">
                <span class="method-name">initializeReport</span>
                <span class="method-start">22509 ms</span>
              </div> <!-- configuration-class before -->
              <div class="test-method">
                <span class="method-name">registration(vinay, kona, vinaykona@gmail.com, 9000788667, 5425, wipro, 2345, blueraod, navystreet, hyderabad, 50...)</span>
                <span class="method-start">22568 ms</span>
              </div> <!-- test-method -->
            </div> <!-- chronological-class -->
            <div class="chronological-class">
              <div class="chronological-class-name">Com.OpenCart.Testcases.OpenCart_RegestrationTest</div> <!-- chronological-class-name -->
              <div class="configuration-method after">
                <span class="method-name">getResult([TestResult name=registration status=FAILURE method=OpenCart_RegestrationTest.registration(java.lang...)</span>
                <span class="method-start">23022 ms</span>
              </div> <!-- configuration-method after -->
              <div class="configuration-class after">
                <span class="method-name">endReport</span>
                <span class="method-start">23028 ms</span>
              </div> <!-- configuration-class after -->
            </div> <!-- chronological-class -->
            <div class="chronological-class">
              <div class="chronological-class-name">Com.OpenCart.Testcases.OpenCart_RegestrationTest3</div> <!-- chronological-class-name -->
              <div class="test-method">
                <img src="failed.png">
                </img>
                <span class="method-name">reviewProd(Amala, 2, Good)</span>
                <span class="method-start">24481 ms</span>
              </div> <!-- test-method -->
            </div> <!-- chronological-class -->
            <div class="chronological-class">
              <div class="chronological-class-name">Com.OpenCart.Testcases.OpenCart_RegestrationTest2</div> <!-- chronological-class-name -->
              <div class="test-method">
                <img src="failed.png">
                </img>
                <span class="method-name">reviewProd(Amala, 2, Good)</span>
                <span class="method-start">24486 ms</span>
              </div> <!-- test-method -->
            </div> <!-- chronological-class -->
            <div class="chronological-class">
              <div class="chronological-class-name">Com.OpenCart.Testcases.OpenCart_RegestrationTest3</div> <!-- chronological-class-name -->
              <div class="configuration-method after">
                <span class="method-name">getResult([TestResult name=reviewProd status=FAILURE method=OpenCart_RegestrationTest3.reviewProd(java.lang.St...)</span>
                <span class="method-start">34671 ms</span>
              </div> <!-- configuration-method after -->
              <div class="test-method">
                <img src="failed.png">
                </img>
                <span class="method-name">reviewProd(Kamal, 3, kona vinay dhhdshhdhdhhdhsalsjghkdjsfghfdkhjk)</span>
                <span class="method-start">34672 ms</span>
              </div> <!-- test-method -->
            </div> <!-- chronological-class -->
            <div class="chronological-class">
              <div class="chronological-class-name">Com.OpenCart.Testcases.OpenCart_RegestrationTest2</div> <!-- chronological-class-name -->
              <div class="configuration-method after">
                <span class="method-name">getResult([TestResult name=reviewProd status=FAILURE method=OpenCart_RegestrationTest2.reviewProd(java.lang.St...)</span>
                <span class="method-start">35680 ms</span>
              </div> <!-- configuration-method after -->
              <div class="test-method">
                <img src="failed.png">
                </img>
                <span class="method-name">reviewProd(Kamal, 3, kona vinay dhhdshhdhdhhdhsalsjghkdjsfghfdkhjk)</span>
                <span class="method-start">35682 ms</span>
              </div> <!-- test-method -->
            </div> <!-- chronological-class -->
            <div class="chronological-class">
              <div class="chronological-class-name">Com.OpenCart.Testcases.OpenCart_RegestrationTest3</div> <!-- chronological-class-name -->
              <div class="configuration-method after">
                <span class="method-name">getResult([TestResult name=reviewProd status=FAILURE method=OpenCart_RegestrationTest3.reviewProd(java.lang.St...)</span>
                <span class="method-start">44705 ms</span>
              </div> <!-- configuration-method after -->
            </div> <!-- chronological-class -->
            <div class="chronological-class">
              <div class="chronological-class-name">Com.OpenCart.Testcases.OpenCart_RegestrationTest2</div> <!-- chronological-class-name -->
              <div class="configuration-method after">
                <span class="method-name">getResult([TestResult name=reviewProd status=FAILURE method=OpenCart_RegestrationTest2.reviewProd(java.lang.St...)</span>
                <span class="method-start">45722 ms</span>
              </div> <!-- configuration-method after -->
              <div class="configuration-method after">
                <span class="method-name">getResult([TestResult name=registration status=SUCCESS method=OpenCart_RegestrationTest2.registration(java.lan...)</span>
                <span class="method-start">51613 ms</span>
              </div> <!-- configuration-method after -->
              <div class="configuration-class after">
                <span class="method-name">endReport</span>
                <span class="method-start">51614 ms</span>
              </div> <!-- configuration-class after -->
            </div> <!-- chronological-class -->
            <div class="chronological-class">
              <div class="chronological-class-name">Com.OpenCart.Testcases.OpenCart_RegestrationTest3</div> <!-- chronological-class-name -->
              <div class="configuration-method after">
                <span class="method-name">getResult([TestResult name=registration status=SUCCESS method=OpenCart_RegestrationTest3.registration(java.lan...)</span>
                <span class="method-start">51760 ms</span>
              </div> <!-- configuration-method after -->
              <div class="configuration-class after">
                <span class="method-name">endReport</span>
                <span class="method-start">51761 ms</span>
              </div> <!-- configuration-class after -->
          </div> <!-- main-panel-content rounded-window-bottom -->
        </div> <!-- panel -->
      </div> <!-- main-panel-root -->
    </div> <!-- wrapper -->
  </body>
</html>
