<?xml version="1.0" encoding="UTF-8"?>
<testng-results skipped="4" failed="5" ignored="0" total="14" passed="5">
  <reporter-output>
  </reporter-output>
  <suite name="Suite" duration-ms="51836" started-at="2018-02-22T09:43:44Z" finished-at="2018-02-22T09:44:35Z">
    <groups>
    </groups>
    <test name="Test1" duration-ms="51836" started-at="2018-02-22T09:43:44Z" finished-at="2018-02-22T09:44:35Z">
      <class name="Com.OpenCart.Testcases.OpenCart_RegestrationTest">
        <test-method status="PASS" signature="intialize()[pri:0, instance:Com.OpenCart.Testcases.OpenCart_RegestrationTest@3ffc5af1]" name="intialize" is-config="true" duration-ms="4417" started-at="2018-02-22T15:13:44Z" finished-at="2018-02-22T15:13:48Z">
          <reporter-output>
          </reporter-output>
        </test-method> <!-- intialize -->
        <test-method status="PASS" signature="intialize()[pri:0, instance:Com.OpenCart.Testcases.OpenCart_RegestrationTest2@5e5792a0]" name="intialize" is-config="true" duration-ms="7880" started-at="2018-02-22T15:13:48Z" finished-at="2018-02-22T15:13:56Z">
          <reporter-output>
          </reporter-output>
        </test-method> <!-- intialize -->
        <test-method status="PASS" signature="intialize()[pri:0, instance:Com.OpenCart.Testcases.OpenCart_RegestrationTest3@26653222]" name="intialize" is-config="true" duration-ms="5187" started-at="2018-02-22T15:13:56Z" finished-at="2018-02-22T15:14:01Z">
          <reporter-output>
          </reporter-output>
        </test-method> <!-- intialize -->
        <test-method status="PASS" signature="initializeReport()[pri:0, instance:Com.OpenCart.Testcases.OpenCart_RegestrationTest@3ffc5af1]" name="initializeReport" is-config="true" duration-ms="125" started-at="2018-02-22T15:14:01Z" finished-at="2018-02-22T15:14:01Z">
          <reporter-output>
          </reporter-output>
        </test-method> <!-- initializeReport -->
        <test-method status="PASS" signature="openApp()[pri:0, instance:Com.OpenCart.Testcases.OpenCart_RegestrationTest@3ffc5af1]" name="openApp" duration-ms="2811" started-at="2018-02-22T15:14:01Z" description="Launch openCart application" finished-at="2018-02-22T15:14:04Z">
          <reporter-output>
          </reporter-output>
        </test-method> <!-- openApp -->
        <test-method status="PASS" signature="getResult(org.testng.ITestResult)[pri:0, instance:Com.OpenCart.Testcases.OpenCart_RegestrationTest@3ffc5af1]" name="getResult" is-config="true" duration-ms="3" started-at="2018-02-22T15:14:04Z" finished-at="2018-02-22T15:14:04Z">
          <params>
            <param index="0">
              <value>
                <![CDATA[[TestResult name=openApp status=SUCCESS method=OpenCart_RegestrationTest.openApp()[pri:0, instance:Com.OpenCart.Testcases.OpenCart_RegestrationTest@3ffc5af1] output={null}]]]>
              </value>
            </param>
          </params>
          <reporter-output>
          </reporter-output>
        </test-method> <!-- getResult -->
        <test-method status="FAIL" signature="registration(java.lang.String, java.lang.String, java.lang.String, java.lang.String, java.lang.String, java.lang.String, java.lang.String, java.lang.String, java.lang.String, java.lang.String, java.lang.String, java.lang.String, java.lang.String, java.lang.String, java.lang.String)[pri:0, instance:Com.OpenCart.Testcases.OpenCart_RegestrationTest@3ffc5af1]" name="registration" duration-ms="1908" started-at="2018-02-22T15:14:05Z" data-provider="Mydatprovide" depends-on-methods="Com.OpenCart.Testcases.OpenCart_RegestrationTest.openApp" finished-at="2018-02-22T15:14:07Z">
          <params>
            <param index="0">
              <value>
                <![CDATA[vinay]]>
              </value>
            </param>
            <param index="1">
              <value>
                <![CDATA[kona]]>
              </value>
            </param>
            <param index="2">
              <value>
                <![CDATA[vinaykona@gmail.com]]>
              </value>
            </param>
            <param index="3">
              <value>
                <![CDATA[9000788667]]>
              </value>
            </param>
            <param index="4">
              <value>
                <![CDATA[5425]]>
              </value>
            </param>
            <param index="5">
              <value>
                <![CDATA[wipro]]>
              </value>
            </param>
            <param index="6">
              <value>
                <![CDATA[2345]]>
              </value>
            </param>
            <param index="7">
              <value>
                <![CDATA[blueraod]]>
              </value>
            </param>
            <param index="8">
              <value>
                <![CDATA[navystreet]]>
              </value>
            </param>
            <param index="9">
              <value>
                <![CDATA[hyderabad]]>
              </value>
            </param>
            <param index="10">
              <value>
                <![CDATA[500019]]>
              </value>
            </param>
            <param index="11">
              <value>
                <![CDATA[India]]>
              </value>
            </param>
            <param index="12">
              <value>
                <![CDATA[Goa]]>
              </value>
            </param>
            <param index="13">
              <value>
                <![CDATA[Vinay@24]]>
              </value>
            </param>
            <param index="14">
              <value>
                <![CDATA[Vinay@24]]>
              </value>
            </param>
          </params>
          <exception class="org.openqa.selenium.StaleElementReferenceException">
            <message>
              <![CDATA[Element is no longer valid
For documentation on this error, please visit: http://seleniumhq.org/exceptions/stale_element_reference.html
Build info: version: '3.6.0', revision: '6fbf3ec767', time: '2017-09-27T15:28:36.4Z'
System info: host: 'D-113063535', ip: '10.159.34.191', os.name: 'Windows 10', os.arch: 'amd64', os.version: '10.0', java.version: '1.8.0_131'
Driver info: org.openqa.selenium.remote.RemoteWebDriver
Capabilities [{se:ieOptions={nativeEvents=true, browserAttachTimeout=0, ie.ensureCleanSession=false, elementScrollBehavior=0, enablePersistentHover=true, ie.browserCommandLineSwitches=, ie.forceCreateProcessApi=false, requireWindowFocus=false, initialBrowserUrl=http://localhost:27094/, ignoreZoomSetting=false, ie.fileUploadDialogTimeout=3000, ignoreProtectedModeSettings=false}, timeouts={implicit=0, pageLoad=300000, script=30000}, pageLoadStrategy=normal, unhandledPromptBehavior=accept, platform=WINDOWS, proxy=Proxy(), webdriver.remote.sessionid=afb97a6a-66a0-4dcc-aecc-7b7137d4e44a, acceptInsecureCerts=false, browserVersion=11, browserName=internet explorer, javascriptEnabled=true, platformName=WINDOWS, setWindowRect=true}]
Session ID: afb97a6a-66a0-4dcc-aecc-7b7137d4e44a]]>
            </message>
            <full-stacktrace>
              <![CDATA[org.openqa.selenium.StaleElementReferenceException: Element is no longer valid
For documentation on this error, please visit: http://seleniumhq.org/exceptions/stale_element_reference.html
Build info: version: '3.6.0', revision: '6fbf3ec767', time: '2017-09-27T15:28:36.4Z'
System info: host: 'D-113063535', ip: '10.159.34.191', os.name: 'Windows 10', os.arch: 'amd64', os.version: '10.0', java.version: '1.8.0_131'
Driver info: org.openqa.selenium.remote.RemoteWebDriver
Capabilities [{se:ieOptions={nativeEvents=true, browserAttachTimeout=0, ie.ensureCleanSession=false, elementScrollBehavior=0, enablePersistentHover=true, ie.browserCommandLineSwitches=, ie.forceCreateProcessApi=false, requireWindowFocus=false, initialBrowserUrl=http://localhost:27094/, ignoreZoomSetting=false, ie.fileUploadDialogTimeout=3000, ignoreProtectedModeSettings=false}, timeouts={implicit=0, pageLoad=300000, script=30000}, pageLoadStrategy=normal, unhandledPromptBehavior=accept, platform=WINDOWS, proxy=Proxy(), webdriver.remote.sessionid=afb97a6a-66a0-4dcc-aecc-7b7137d4e44a, acceptInsecureCerts=false, browserVersion=11, browserName=internet explorer, javascriptEnabled=true, platformName=WINDOWS, setWindowRect=true}]
Session ID: afb97a6a-66a0-4dcc-aecc-7b7137d4e44a
	at sun.reflect.NativeConstructorAccessorImpl.newInstance0(Native Method)
	at sun.reflect.NativeConstructorAccessorImpl.newInstance(Unknown Source)
	at sun.reflect.DelegatingConstructorAccessorImpl.newInstance(Unknown Source)
	at java.lang.reflect.Constructor.newInstance(Unknown Source)
	at org.openqa.selenium.remote.http.W3CHttpResponseCodec.createException(W3CHttpResponseCodec.java:185)
	at org.openqa.selenium.remote.http.W3CHttpResponseCodec.decode(W3CHttpResponseCodec.java:120)
	at org.openqa.selenium.remote.http.W3CHttpResponseCodec.decode(W3CHttpResponseCodec.java:49)
	at org.openqa.selenium.remote.HttpCommandExecutor.execute(HttpCommandExecutor.java:164)
	at org.openqa.selenium.remote.RemoteWebDriver.execute(RemoteWebDriver.java:586)
	at org.openqa.selenium.remote.RemoteWebElement.execute(RemoteWebElement.java:279)
	at org.openqa.selenium.remote.RemoteWebElement.click(RemoteWebElement.java:83)
	at sun.reflect.NativeMethodAccessorImpl.invoke0(Native Method)
	at sun.reflect.NativeMethodAccessorImpl.invoke(Unknown Source)
	at sun.reflect.DelegatingMethodAccessorImpl.invoke(Unknown Source)
	at java.lang.reflect.Method.invoke(Unknown Source)
	at org.openqa.selenium.support.pagefactory.internal.LocatingElementHandler.invoke(LocatingElementHandler.java:51)
	at com.sun.proxy.$Proxy12.click(Unknown Source)
	at Com.OpenCart.Utils.GenericMethods.myClick(GenericMethods.java:29)
	at Com.OpenCart.Testcases.OpenCart_RegestrationTest.registration(OpenCart_RegestrationTest.java:147)
	at sun.reflect.NativeMethodAccessorImpl.invoke0(Native Method)
	at sun.reflect.NativeMethodAccessorImpl.invoke(Unknown Source)
	at sun.reflect.DelegatingMethodAccessorImpl.invoke(Unknown Source)
	at java.lang.reflect.Method.invoke(Unknown Source)
	at org.testng.internal.MethodInvocationHelper.invokeMethod(MethodInvocationHelper.java:104)
	at org.testng.internal.Invoker.invokeMethod(Invoker.java:645)
	at org.testng.internal.Invoker.invokeTestMethod(Invoker.java:851)
	at org.testng.internal.Invoker.invokeTestMethods(Invoker.java:1177)
	at org.testng.internal.TestMethodWorker.invokeTestMethods(TestMethodWorker.java:129)
	at org.testng.internal.TestMethodWorker.run(TestMethodWorker.java:112)
	at java.util.concurrent.ThreadPoolExecutor.runWorker(Unknown Source)
	at java.util.concurrent.ThreadPoolExecutor$Worker.run(Unknown Source)
	at java.lang.Thread.run(Unknown Source)
]]>
            </full-stacktrace>
          </exception> <!-- org.openqa.selenium.StaleElementReferenceException -->
          <reporter-output>
          </reporter-output>
        </test-method> <!-- registration -->
        <test-method status="PASS" signature="getResult(org.testng.ITestResult)[pri:0, instance:Com.OpenCart.Testcases.OpenCart_RegestrationTest@3ffc5af1]" name="getResult" is-config="true" duration-ms="2" started-at="2018-02-22T15:14:07Z" finished-at="2018-02-22T15:14:07Z">
          <params>
            <param index="0">
              <value>
                <![CDATA[[TestResult name=registration status=FAILURE method=OpenCart_RegestrationTest.registration(java.lang.String, java.lang.String, java.lang.String, java.lang.String, java.lang.String, java.lang.String, java.lang.String, java.lang.String, java.lang.String, java.lang.String, java.lang.String, java.lang.String, java.lang.String, java.lang.String, java.lang.String)[pri:0, instance:Com.OpenCart.Testcases.OpenCart_RegestrationTest@3ffc5af1] output={null}]]]>
              </value>
            </param>
          </params>
          <reporter-output>
          </reporter-output>
        </test-method> <!-- getResult -->
        <test-method status="SKIP" signature="reviewProd(java.lang.String, java.lang.String, java.lang.String)[pri:0, instance:Com.OpenCart.Testcases.OpenCart_RegestrationTest@3ffc5af1]" name="reviewProd" duration-ms="0" started-at="2018-02-22T15:14:07Z" data-provider="Reviewproduct" depends-on-methods="Com.OpenCart.Testcases.OpenCart_RegestrationTest.registration" finished-at="2018-02-22T15:14:07Z">
          <exception class="java.lang.Throwable">
            <message>
              <![CDATA[Method OpenCart_RegestrationTest.reviewProd(java.lang.String, java.lang.String, java.lang.String)[pri:0, instance:Com.OpenCart.Testcases.OpenCart_RegestrationTest@3ffc5af1] depends on not successfully finished methods]]>
            </message>
            <full-stacktrace>
              <![CDATA[java.lang.Throwable: Method OpenCart_RegestrationTest.reviewProd(java.lang.String, java.lang.String, java.lang.String)[pri:0, instance:Com.OpenCart.Testcases.OpenCart_RegestrationTest@3ffc5af1] depends on not successfully finished methods
	at org.testng.internal.Invoker.invokeTestMethods(Invoker.java:1068)
	at org.testng.internal.TestMethodWorker.invokeTestMethods(TestMethodWorker.java:129)
	at org.testng.internal.TestMethodWorker.run(TestMethodWorker.java:112)
	at java.util.concurrent.ThreadPoolExecutor.runWorker(Unknown Source)
	at java.util.concurrent.ThreadPoolExecutor$Worker.run(Unknown Source)
	at java.lang.Thread.run(Unknown Source)
]]>
            </full-stacktrace>
          </exception> <!-- java.lang.Throwable -->
          <reporter-output>
          </reporter-output>
        </test-method> <!-- reviewProd -->
        <test-method status="SKIP" signature="addToWishList()[pri:0, instance:Com.OpenCart.Testcases.OpenCart_RegestrationTest@3ffc5af1]" name="addToWishList" duration-ms="0" started-at="2018-02-22T15:14:07Z" description="add to Wish list" depends-on-methods="Com.OpenCart.Testcases.OpenCart_RegestrationTest.reviewProd" finished-at="2018-02-22T15:14:07Z">
          <exception class="java.lang.Throwable">
            <message>
              <![CDATA[Method OpenCart_RegestrationTest.addToWishList()[pri:0, instance:Com.OpenCart.Testcases.OpenCart_RegestrationTest@3ffc5af1] depends on not successfully finished methods]]>
            </message>
            <full-stacktrace>
              <![CDATA[java.lang.Throwable: Method OpenCart_RegestrationTest.addToWishList()[pri:0, instance:Com.OpenCart.Testcases.OpenCart_RegestrationTest@3ffc5af1] depends on not successfully finished methods
	at org.testng.internal.Invoker.invokeTestMethods(Invoker.java:1068)
	at org.testng.internal.TestMethodWorker.invokeTestMethods(TestMethodWorker.java:129)
	at org.testng.internal.TestMethodWorker.run(TestMethodWorker.java:112)
	at java.util.concurrent.ThreadPoolExecutor.runWorker(Unknown Source)
	at java.util.concurrent.ThreadPoolExecutor$Worker.run(Unknown Source)
	at java.lang.Thread.run(Unknown Source)
]]>
            </full-stacktrace>
          </exception> <!-- java.lang.Throwable -->
          <reporter-output>
          </reporter-output>
        </test-method> <!-- addToWishList -->
        <test-method status="PASS" signature="endReport()[pri:0, instance:Com.OpenCart.Testcases.OpenCart_RegestrationTest@3ffc5af1]" name="endReport" is-config="true" duration-ms="1325" started-at="2018-02-22T15:14:07Z" finished-at="2018-02-22T15:14:08Z">
          <reporter-output>
          </reporter-output>
        </test-method> <!-- endReport -->
      </class> <!-- Com.OpenCart.Testcases.OpenCart_RegestrationTest -->
      <class name="Com.OpenCart.Testcases.OpenCart_RegestrationTest3">
        <test-method status="PASS" signature="initializeReport()[pri:0, instance:Com.OpenCart.Testcases.OpenCart_RegestrationTest3@26653222]" name="initializeReport" is-config="true" duration-ms="110" started-at="2018-02-22T15:14:01Z" finished-at="2018-02-22T15:14:01Z">
          <reporter-output>
          </reporter-output>
        </test-method> <!-- initializeReport -->
        <test-method status="PASS" signature="openApp()[pri:0, instance:Com.OpenCart.Testcases.OpenCart_RegestrationTest3@26653222]" name="openApp" duration-ms="4883" started-at="2018-02-22T15:14:01Z" description="Launch openCart application" finished-at="2018-02-22T15:14:06Z">
          <reporter-output>
          </reporter-output>
        </test-method> <!-- openApp -->
        <test-method status="PASS" signature="getResult(org.testng.ITestResult)[pri:0, instance:Com.OpenCart.Testcases.OpenCart_RegestrationTest3@26653222]" name="getResult" is-config="true" duration-ms="0" started-at="2018-02-22T15:14:06Z" finished-at="2018-02-22T15:14:06Z">
          <params>
            <param index="0">
              <value>
                <![CDATA[[TestResult name=openApp status=SUCCESS method=OpenCart_RegestrationTest3.openApp()[pri:0, instance:Com.OpenCart.Testcases.OpenCart_RegestrationTest3@26653222] output={null}]]]>
              </value>
            </param>
          </params>
          <reporter-output>
          </reporter-output>
        </test-method> <!-- getResult -->
        <test-method status="PASS" signature="initializeReport()[pri:0, instance:Com.OpenCart.Testcases.OpenCart_RegestrationTest3@26653222]" name="initializeReport" is-config="true" duration-ms="5" started-at="2018-02-22T15:14:06Z" finished-at="2018-02-22T15:14:06Z">
          <reporter-output>
          </reporter-output>
        </test-method> <!-- initializeReport -->
        <test-method status="PASS" signature="registration(java.lang.String, java.lang.String, java.lang.String, java.lang.String, java.lang.String, java.lang.String, java.lang.String, java.lang.String, java.lang.String, java.lang.String, java.lang.String, java.lang.String, java.lang.String, java.lang.String, java.lang.String)[pri:0, instance:Com.OpenCart.Testcases.OpenCart_RegestrationTest3@26653222]" name="registration" duration-ms="29191" started-at="2018-02-22T15:14:06Z" data-provider="Mydatprovide" depends-on-methods="Com.OpenCart.Testcases.OpenCart_RegestrationTest3.openApp" finished-at="2018-02-22T15:14:35Z">
          <params>
            <param index="0">
              <value>
                <![CDATA[vinay]]>
              </value>
            </param>
            <param index="1">
              <value>
                <![CDATA[kona]]>
              </value>
            </param>
            <param index="2">
              <value>
                <![CDATA[vinaykona@gmail.com]]>
              </value>
            </param>
            <param index="3">
              <value>
                <![CDATA[9000788667]]>
              </value>
            </param>
            <param index="4">
              <value>
                <![CDATA[5425]]>
              </value>
            </param>
            <param index="5">
              <value>
                <![CDATA[wipro]]>
              </value>
            </param>
            <param index="6">
              <value>
                <![CDATA[2345]]>
              </value>
            </param>
            <param index="7">
              <value>
                <![CDATA[blueraod]]>
              </value>
            </param>
            <param index="8">
              <value>
                <![CDATA[navystreet]]>
              </value>
            </param>
            <param index="9">
              <value>
                <![CDATA[hyderabad]]>
              </value>
            </param>
            <param index="10">
              <value>
                <![CDATA[500019]]>
              </value>
            </param>
            <param index="11">
              <value>
                <![CDATA[India]]>
              </value>
            </param>
            <param index="12">
              <value>
                <![CDATA[Goa]]>
              </value>
            </param>
            <param index="13">
              <value>
                <![CDATA[Vinay@24]]>
              </value>
            </param>
            <param index="14">
              <value>
                <![CDATA[Vinay@24]]>
              </value>
            </param>
          </params>
          <reporter-output>
          </reporter-output>
        </test-method> <!-- registration -->
        <test-method status="FAIL" signature="reviewProd(java.lang.String, java.lang.String, java.lang.String)[pri:0, instance:Com.OpenCart.Testcases.OpenCart_RegestrationTest3@26653222]" name="reviewProd" duration-ms="10187" started-at="2018-02-22T15:14:08Z" data-provider="Reviewproduct" depends-on-methods="Com.OpenCart.Testcases.OpenCart_RegestrationTest3.registration" finished-at="2018-02-22T15:14:18Z">
          <params>
            <param index="0">
              <value>
                <![CDATA[Amala]]>
              </value>
            </param>
            <param index="1">
              <value>
                <![CDATA[2]]>
              </value>
            </param>
            <param index="2">
              <value>
                <![CDATA[Good]]>
              </value>
            </param>
          </params>
          <exception class="org.openqa.selenium.NoSuchElementException">
            <message>
              <![CDATA[no such element: Unable to locate element: {"method":"xpath","selector":"//*[contains(text(),'Reviews')]"}
  (Session info: chrome=63.0.3239.132)
  (Driver info: chromedriver=2.33.506120 (e3e53437346286c0bc2d2dc9aa4915ba81d9023f),platform=Windows NT 10.0.14393 x86_64) (WARNING: The server did not provide any stacktrace information)
Command duration or timeout: 0 milliseconds
For documentation on this error, please visit: http://seleniumhq.org/exceptions/no_such_element.html
Build info: version: '3.6.0', revision: '6fbf3ec767', time: '2017-09-27T15:28:36.4Z'
System info: host: 'D-113063535', ip: '10.159.34.191', os.name: 'Windows 10', os.arch: 'amd64', os.version: '10.0', java.version: '1.8.0_131'
Driver info: org.openqa.selenium.remote.RemoteWebDriver
Capabilities [{mobileEmulationEnabled=false, hasTouchScreen=false, platform=XP, acceptSslCerts=true, webStorageEnabled=true, browserName=chrome, takesScreenshot=true, javascriptEnabled=true, platformName=XP, setWindowRect=true, unexpectedAlertBehaviour=, applicationCacheEnabled=false, rotatable=false, networkConnectionEnabled=false, chrome={chromedriverVersion=2.33.506120 (e3e53437346286c0bc2d2dc9aa4915ba81d9023f), userDataDir=C:\Users\ko398195\AppData\Local\Temp\scoped_dir8708_5063}, takesHeapSnapshot=true, pageLoadStrategy=normal, unhandledPromptBehavior=, databaseEnabled=false, handlesAlerts=true, version=63.0.3239.132, browserConnectionEnabled=false, nativeEvents=true, webdriver.remote.sessionid=27ded783b7032ea7281e20f1214d2e64, locationContextEnabled=true, cssSelectorsEnabled=true}]
Session ID: 27ded783b7032ea7281e20f1214d2e64
*** Element info: {Using=xpath, value=//*[contains(text(),'Reviews')]}]]>
            </message>
            <full-stacktrace>
              <![CDATA[org.openqa.selenium.NoSuchElementException: no such element: Unable to locate element: {"method":"xpath","selector":"//*[contains(text(),'Reviews')]"}
  (Session info: chrome=63.0.3239.132)
  (Driver info: chromedriver=2.33.506120 (e3e53437346286c0bc2d2dc9aa4915ba81d9023f),platform=Windows NT 10.0.14393 x86_64) (WARNING: The server did not provide any stacktrace information)
Command duration or timeout: 0 milliseconds
For documentation on this error, please visit: http://seleniumhq.org/exceptions/no_such_element.html
Build info: version: '3.6.0', revision: '6fbf3ec767', time: '2017-09-27T15:28:36.4Z'
System info: host: 'D-113063535', ip: '10.159.34.191', os.name: 'Windows 10', os.arch: 'amd64', os.version: '10.0', java.version: '1.8.0_131'
Driver info: org.openqa.selenium.remote.RemoteWebDriver
Capabilities [{mobileEmulationEnabled=false, hasTouchScreen=false, platform=XP, acceptSslCerts=true, webStorageEnabled=true, browserName=chrome, takesScreenshot=true, javascriptEnabled=true, platformName=XP, setWindowRect=true, unexpectedAlertBehaviour=, applicationCacheEnabled=false, rotatable=false, networkConnectionEnabled=false, chrome={chromedriverVersion=2.33.506120 (e3e53437346286c0bc2d2dc9aa4915ba81d9023f), userDataDir=C:\Users\ko398195\AppData\Local\Temp\scoped_dir8708_5063}, takesHeapSnapshot=true, pageLoadStrategy=normal, unhandledPromptBehavior=, databaseEnabled=false, handlesAlerts=true, version=63.0.3239.132, browserConnectionEnabled=false, nativeEvents=true, webdriver.remote.sessionid=27ded783b7032ea7281e20f1214d2e64, locationContextEnabled=true, cssSelectorsEnabled=true}]
Session ID: 27ded783b7032ea7281e20f1214d2e64
*** Element info: {Using=xpath, value=//*[contains(text(),'Reviews')]}
	at sun.reflect.NativeConstructorAccessorImpl.newInstance0(Native Method)
	at sun.reflect.NativeConstructorAccessorImpl.newInstance(Unknown Source)
	at sun.reflect.DelegatingConstructorAccessorImpl.newInstance(Unknown Source)
	at java.lang.reflect.Constructor.newInstance(Unknown Source)
	at org.openqa.selenium.remote.ErrorHandler.createThrowable(ErrorHandler.java:214)
	at org.openqa.selenium.remote.ErrorHandler.throwIfResponseFailed(ErrorHandler.java:166)
	at org.openqa.selenium.remote.http.JsonHttpResponseCodec.reconstructValue(JsonHttpResponseCodec.java:40)
	at org.openqa.selenium.remote.http.AbstractHttpResponseCodec.decode(AbstractHttpResponseCodec.java:82)
	at org.openqa.selenium.remote.http.AbstractHttpResponseCodec.decode(AbstractHttpResponseCodec.java:45)
	at org.openqa.selenium.remote.HttpCommandExecutor.execute(HttpCommandExecutor.java:164)
	at org.openqa.selenium.remote.RemoteWebDriver.execute(RemoteWebDriver.java:586)
	at org.openqa.selenium.remote.RemoteWebDriver.findElement(RemoteWebDriver.java:356)
	at org.openqa.selenium.remote.RemoteWebDriver.findElementByXPath(RemoteWebDriver.java:458)
	at org.openqa.selenium.By$ByXPath.findElement(By.java:361)
	at org.openqa.selenium.remote.RemoteWebDriver.findElement(RemoteWebDriver.java:348)
	at Com.OpenCart.Testcases.OpenCart_RegestrationTest3.reviewProd(OpenCart_RegestrationTest3.java:219)
	at sun.reflect.NativeMethodAccessorImpl.invoke0(Native Method)
	at sun.reflect.NativeMethodAccessorImpl.invoke(Unknown Source)
	at sun.reflect.DelegatingMethodAccessorImpl.invoke(Unknown Source)
	at java.lang.reflect.Method.invoke(Unknown Source)
	at org.testng.internal.MethodInvocationHelper.invokeMethod(MethodInvocationHelper.java:104)
	at org.testng.internal.Invoker.invokeMethod(Invoker.java:645)
	at org.testng.internal.Invoker.invokeTestMethod(Invoker.java:851)
	at org.testng.internal.Invoker.invokeTestMethods(Invoker.java:1177)
	at org.testng.internal.TestMethodWorker.invokeTestMethods(TestMethodWorker.java:129)
	at org.testng.internal.TestMethodWorker.run(TestMethodWorker.java:112)
	at java.util.concurrent.ThreadPoolExecutor.runWorker(Unknown Source)
	at java.util.concurrent.ThreadPoolExecutor$Worker.run(Unknown Source)
	at java.lang.Thread.run(Unknown Source)
]]>
            </full-stacktrace>
          </exception> <!-- org.openqa.selenium.NoSuchElementException -->
          <reporter-output>
          </reporter-output>
        </test-method> <!-- reviewProd -->
        <test-method status="PASS" signature="getResult(org.testng.ITestResult)[pri:0, instance:Com.OpenCart.Testcases.OpenCart_RegestrationTest3@26653222]" name="getResult" is-config="true" duration-ms="0" started-at="2018-02-22T15:14:18Z" finished-at="2018-02-22T15:14:18Z">
          <params>
            <param index="0">
              <value>
                <![CDATA[[TestResult name=reviewProd status=FAILURE method=OpenCart_RegestrationTest3.reviewProd(java.lang.String, java.lang.String, java.lang.String)[pri:0, instance:Com.OpenCart.Testcases.OpenCart_RegestrationTest3@26653222] output={null}]]]>
              </value>
            </param>
          </params>
          <reporter-output>
          </reporter-output>
        </test-method> <!-- getResult -->
        <test-method status="FAIL" signature="reviewProd(java.lang.String, java.lang.String, java.lang.String)[pri:0, instance:Com.OpenCart.Testcases.OpenCart_RegestrationTest3@26653222]" name="reviewProd" duration-ms="10032" started-at="2018-02-22T15:14:18Z" data-provider="Reviewproduct" depends-on-methods="Com.OpenCart.Testcases.OpenCart_RegestrationTest3.registration" finished-at="2018-02-22T15:14:28Z">
          <params>
            <param index="0">
              <value>
                <![CDATA[Kamal]]>
              </value>
            </param>
            <param index="1">
              <value>
                <![CDATA[3]]>
              </value>
            </param>
            <param index="2">
              <value>
                <![CDATA[kona vinay dhhdshhdhdhhdhsalsjghkdjsfghfdkhjk]]>
              </value>
            </param>
          </params>
          <exception class="org.openqa.selenium.NoSuchElementException">
            <message>
              <![CDATA[no such element: Unable to locate element: {"method":"xpath","selector":"//*[contains(text(),'Reviews')]"}
  (Session info: chrome=63.0.3239.132)
  (Driver info: chromedriver=2.33.506120 (e3e53437346286c0bc2d2dc9aa4915ba81d9023f),platform=Windows NT 10.0.14393 x86_64) (WARNING: The server did not provide any stacktrace information)
Command duration or timeout: 0 milliseconds
For documentation on this error, please visit: http://seleniumhq.org/exceptions/no_such_element.html
Build info: version: '3.6.0', revision: '6fbf3ec767', time: '2017-09-27T15:28:36.4Z'
System info: host: 'D-113063535', ip: '10.159.34.191', os.name: 'Windows 10', os.arch: 'amd64', os.version: '10.0', java.version: '1.8.0_131'
Driver info: org.openqa.selenium.remote.RemoteWebDriver
Capabilities [{mobileEmulationEnabled=false, hasTouchScreen=false, platform=XP, acceptSslCerts=true, webStorageEnabled=true, browserName=chrome, takesScreenshot=true, javascriptEnabled=true, platformName=XP, setWindowRect=true, unexpectedAlertBehaviour=, applicationCacheEnabled=false, rotatable=false, networkConnectionEnabled=false, chrome={chromedriverVersion=2.33.506120 (e3e53437346286c0bc2d2dc9aa4915ba81d9023f), userDataDir=C:\Users\ko398195\AppData\Local\Temp\scoped_dir8708_5063}, takesHeapSnapshot=true, pageLoadStrategy=normal, unhandledPromptBehavior=, databaseEnabled=false, handlesAlerts=true, version=63.0.3239.132, browserConnectionEnabled=false, nativeEvents=true, webdriver.remote.sessionid=27ded783b7032ea7281e20f1214d2e64, locationContextEnabled=true, cssSelectorsEnabled=true}]
Session ID: 27ded783b7032ea7281e20f1214d2e64
*** Element info: {Using=xpath, value=//*[contains(text(),'Reviews')]}]]>
            </message>
            <full-stacktrace>
              <![CDATA[org.openqa.selenium.NoSuchElementException: no such element: Unable to locate element: {"method":"xpath","selector":"//*[contains(text(),'Reviews')]"}
  (Session info: chrome=63.0.3239.132)
  (Driver info: chromedriver=2.33.506120 (e3e53437346286c0bc2d2dc9aa4915ba81d9023f),platform=Windows NT 10.0.14393 x86_64) (WARNING: The server did not provide any stacktrace information)
Command duration or timeout: 0 milliseconds
For documentation on this error, please visit: http://seleniumhq.org/exceptions/no_such_element.html
Build info: version: '3.6.0', revision: '6fbf3ec767', time: '2017-09-27T15:28:36.4Z'
System info: host: 'D-113063535', ip: '10.159.34.191', os.name: 'Windows 10', os.arch: 'amd64', os.version: '10.0', java.version: '1.8.0_131'
Driver info: org.openqa.selenium.remote.RemoteWebDriver
Capabilities [{mobileEmulationEnabled=false, hasTouchScreen=false, platform=XP, acceptSslCerts=true, webStorageEnabled=true, browserName=chrome, takesScreenshot=true, javascriptEnabled=true, platformName=XP, setWindowRect=true, unexpectedAlertBehaviour=, applicationCacheEnabled=false, rotatable=false, networkConnectionEnabled=false, chrome={chromedriverVersion=2.33.506120 (e3e53437346286c0bc2d2dc9aa4915ba81d9023f), userDataDir=C:\Users\ko398195\AppData\Local\Temp\scoped_dir8708_5063}, takesHeapSnapshot=true, pageLoadStrategy=normal, unhandledPromptBehavior=, databaseEnabled=false, handlesAlerts=true, version=63.0.3239.132, browserConnectionEnabled=false, nativeEvents=true, webdriver.remote.sessionid=27ded783b7032ea7281e20f1214d2e64, locationContextEnabled=true, cssSelectorsEnabled=true}]
Session ID: 27ded783b7032ea7281e20f1214d2e64
*** Element info: {Using=xpath, value=//*[contains(text(),'Reviews')]}
	at sun.reflect.NativeConstructorAccessorImpl.newInstance0(Native Method)
	at sun.reflect.NativeConstructorAccessorImpl.newInstance(Unknown Source)
	at sun.reflect.DelegatingConstructorAccessorImpl.newInstance(Unknown Source)
	at java.lang.reflect.Constructor.newInstance(Unknown Source)
	at org.openqa.selenium.remote.ErrorHandler.createThrowable(ErrorHandler.java:214)
	at org.openqa.selenium.remote.ErrorHandler.throwIfResponseFailed(ErrorHandler.java:166)
	at org.openqa.selenium.remote.http.JsonHttpResponseCodec.reconstructValue(JsonHttpResponseCodec.java:40)
	at org.openqa.selenium.remote.http.AbstractHttpResponseCodec.decode(AbstractHttpResponseCodec.java:82)
	at org.openqa.selenium.remote.http.AbstractHttpResponseCodec.decode(AbstractHttpResponseCodec.java:45)
	at org.openqa.selenium.remote.HttpCommandExecutor.execute(HttpCommandExecutor.java:164)
	at org.openqa.selenium.remote.RemoteWebDriver.execute(RemoteWebDriver.java:586)
	at org.openqa.selenium.remote.RemoteWebDriver.findElement(RemoteWebDriver.java:356)
	at org.openqa.selenium.remote.RemoteWebDriver.findElementByXPath(RemoteWebDriver.java:458)
	at org.openqa.selenium.By$ByXPath.findElement(By.java:361)
	at org.openqa.selenium.remote.RemoteWebDriver.findElement(RemoteWebDriver.java:348)
	at Com.OpenCart.Testcases.OpenCart_RegestrationTest3.reviewProd(OpenCart_RegestrationTest3.java:219)
	at sun.reflect.NativeMethodAccessorImpl.invoke0(Native Method)
	at sun.reflect.NativeMethodAccessorImpl.invoke(Unknown Source)
	at sun.reflect.DelegatingMethodAccessorImpl.invoke(Unknown Source)
	at java.lang.reflect.Method.invoke(Unknown Source)
	at org.testng.internal.MethodInvocationHelper.invokeMethod(MethodInvocationHelper.java:104)
	at org.testng.internal.Invoker.invokeMethod(Invoker.java:645)
	at org.testng.internal.Invoker.invokeTestMethod(Invoker.java:851)
	at org.testng.internal.Invoker.invokeTestMethods(Invoker.java:1177)
	at org.testng.internal.TestMethodWorker.invokeTestMethods(TestMethodWorker.java:129)
	at org.testng.internal.TestMethodWorker.run(TestMethodWorker.java:112)
	at java.util.concurrent.ThreadPoolExecutor.runWorker(Unknown Source)
	at java.util.concurrent.ThreadPoolExecutor$Worker.run(Unknown Source)
	at java.lang.Thread.run(Unknown Source)
]]>
            </full-stacktrace>
          </exception> <!-- org.openqa.selenium.NoSuchElementException -->
          <reporter-output>
          </reporter-output>
        </test-method> <!-- reviewProd -->
        <test-method status="PASS" signature="getResult(org.testng.ITestResult)[pri:0, instance:Com.OpenCart.Testcases.OpenCart_RegestrationTest3@26653222]" name="getResult" is-config="true" duration-ms="1" started-at="2018-02-22T15:14:28Z" finished-at="2018-02-22T15:14:28Z">
          <params>
            <param index="0">
              <value>
                <![CDATA[[TestResult name=reviewProd status=FAILURE method=OpenCart_RegestrationTest3.reviewProd(java.lang.String, java.lang.String, java.lang.String)[pri:0, instance:Com.OpenCart.Testcases.OpenCart_RegestrationTest3@26653222] output={null}]]]>
              </value>
            </param>
          </params>
          <reporter-output>
          </reporter-output>
        </test-method> <!-- getResult -->
        <test-method status="SKIP" signature="addToWishList()[pri:0, instance:Com.OpenCart.Testcases.OpenCart_RegestrationTest3@26653222]" name="addToWishList" duration-ms="0" started-at="2018-02-22T15:14:28Z" description="add to Wish list" depends-on-methods="Com.OpenCart.Testcases.OpenCart_RegestrationTest3.reviewProd" finished-at="2018-02-22T15:14:28Z">
          <exception class="java.lang.Throwable">
            <message>
              <![CDATA[Method OpenCart_RegestrationTest3.addToWishList()[pri:0, instance:Com.OpenCart.Testcases.OpenCart_RegestrationTest3@26653222] depends on not successfully finished methods]]>
            </message>
            <full-stacktrace>
              <![CDATA[java.lang.Throwable: Method OpenCart_RegestrationTest3.addToWishList()[pri:0, instance:Com.OpenCart.Testcases.OpenCart_RegestrationTest3@26653222] depends on not successfully finished methods
	at org.testng.internal.Invoker.invokeTestMethods(Invoker.java:1068)
	at org.testng.internal.TestMethodWorker.invokeTestMethods(TestMethodWorker.java:129)
	at org.testng.internal.TestMethodWorker.run(TestMethodWorker.java:112)
	at java.util.concurrent.ThreadPoolExecutor.runWorker(Unknown Source)
	at java.util.concurrent.ThreadPoolExecutor$Worker.run(Unknown Source)
	at java.lang.Thread.run(Unknown Source)
]]>
            </full-stacktrace>
          </exception> <!-- java.lang.Throwable -->
          <reporter-output>
          </reporter-output>
        </test-method> <!-- addToWishList -->
        <test-method status="PASS" signature="getResult(org.testng.ITestResult)[pri:0, instance:Com.OpenCart.Testcases.OpenCart_RegestrationTest3@26653222]" name="getResult" is-config="true" duration-ms="1" started-at="2018-02-22T15:14:35Z" finished-at="2018-02-22T15:14:35Z">
          <params>
            <param index="0">
              <value>
                <![CDATA[[TestResult name=registration status=SUCCESS method=OpenCart_RegestrationTest3.registration(java.lang.String, java.lang.String, java.lang.String, java.lang.String, java.lang.String, java.lang.String, java.lang.String, java.lang.String, java.lang.String, java.lang.String, java.lang.String, java.lang.String, java.lang.String, java.lang.String, java.lang.String)[pri:0, instance:Com.OpenCart.Testcases.OpenCart_RegestrationTest3@26653222] output={null}]]]>
              </value>
            </param>
          </params>
          <reporter-output>
          </reporter-output>
        </test-method> <!-- getResult -->
        <test-method status="PASS" signature="endReport()[pri:0, instance:Com.OpenCart.Testcases.OpenCart_RegestrationTest3@26653222]" name="endReport" is-config="true" duration-ms="59" started-at="2018-02-22T15:14:35Z" finished-at="2018-02-22T15:14:35Z">
          <reporter-output>
          </reporter-output>
        </test-method> <!-- endReport -->
      </class> <!-- Com.OpenCart.Testcases.OpenCart_RegestrationTest3 -->
      <class name="Com.OpenCart.Testcases.OpenCart_RegestrationTest2">
        <test-method status="PASS" signature="initializeReport()[pri:0, instance:Com.OpenCart.Testcases.OpenCart_RegestrationTest2@5e5792a0]" name="initializeReport" is-config="true" duration-ms="125" started-at="2018-02-22T15:14:01Z" finished-at="2018-02-22T15:14:01Z">
          <reporter-output>
          </reporter-output>
        </test-method> <!-- initializeReport -->
        <test-method status="PASS" signature="openApp()[pri:0, instance:Com.OpenCart.Testcases.OpenCart_RegestrationTest2@5e5792a0]" name="openApp" duration-ms="3969" started-at="2018-02-22T15:14:01Z" description="Launch openCart application" finished-at="2018-02-22T15:14:05Z">
          <reporter-output>
          </reporter-output>
        </test-method> <!-- openApp -->
        <test-method status="PASS" signature="getResult(org.testng.ITestResult)[pri:0, instance:Com.OpenCart.Testcases.OpenCart_RegestrationTest2@5e5792a0]" name="getResult" is-config="true" duration-ms="0" started-at="2018-02-22T15:14:05Z" finished-at="2018-02-22T15:14:05Z">
          <params>
            <param index="0">
              <value>
                <![CDATA[[TestResult name=openApp status=SUCCESS method=OpenCart_RegestrationTest2.openApp()[pri:0, instance:Com.OpenCart.Testcases.OpenCart_RegestrationTest2@5e5792a0] output={null}]]]>
              </value>
            </param>
          </params>
          <reporter-output>
          </reporter-output>
        </test-method> <!-- getResult -->
        <test-method status="PASS" signature="initializeReport()[pri:0, instance:Com.OpenCart.Testcases.OpenCart_RegestrationTest2@5e5792a0]" name="initializeReport" is-config="true" duration-ms="6" started-at="2018-02-22T15:14:05Z" finished-at="2018-02-22T15:14:05Z">
          <reporter-output>
          </reporter-output>
        </test-method> <!-- initializeReport -->
        <test-method status="PASS" signature="registration(java.lang.String, java.lang.String, java.lang.String, java.lang.String, java.lang.String, java.lang.String, java.lang.String, java.lang.String, java.lang.String, java.lang.String, java.lang.String, java.lang.String, java.lang.String, java.lang.String, java.lang.String)[pri:0, instance:Com.OpenCart.Testcases.OpenCart_RegestrationTest2@5e5792a0]" name="registration" duration-ms="29907" started-at="2018-02-22T15:14:05Z" data-provider="Mydatprovide" depends-on-methods="Com.OpenCart.Testcases.OpenCart_RegestrationTest2.openApp" finished-at="2018-02-22T15:14:35Z">
          <params>
            <param index="0">
              <value>
                <![CDATA[vinay]]>
              </value>
            </param>
            <param index="1">
              <value>
                <![CDATA[kona]]>
              </value>
            </param>
            <param index="2">
              <value>
                <![CDATA[vinaykona@gmail.com]]>
              </value>
            </param>
            <param index="3">
              <value>
                <![CDATA[9000788667]]>
              </value>
            </param>
            <param index="4">
              <value>
                <![CDATA[5425]]>
              </value>
            </param>
            <param index="5">
              <value>
                <![CDATA[wipro]]>
              </value>
            </param>
            <param index="6">
              <value>
                <![CDATA[2345]]>
              </value>
            </param>
            <param index="7">
              <value>
                <![CDATA[blueraod]]>
              </value>
            </param>
            <param index="8">
              <value>
                <![CDATA[navystreet]]>
              </value>
            </param>
            <param index="9">
              <value>
                <![CDATA[hyderabad]]>
              </value>
            </param>
            <param index="10">
              <value>
                <![CDATA[500019]]>
              </value>
            </param>
            <param index="11">
              <value>
                <![CDATA[India]]>
              </value>
            </param>
            <param index="12">
              <value>
                <![CDATA[Goa]]>
              </value>
            </param>
            <param index="13">
              <value>
                <![CDATA[Vinay@24]]>
              </value>
            </param>
            <param index="14">
              <value>
                <![CDATA[Vinay@24]]>
              </value>
            </param>
          </params>
          <reporter-output>
          </reporter-output>
        </test-method> <!-- registration -->
        <test-method status="FAIL" signature="reviewProd(java.lang.String, java.lang.String, java.lang.String)[pri:0, instance:Com.OpenCart.Testcases.OpenCart_RegestrationTest2@5e5792a0]" name="reviewProd" duration-ms="11192" started-at="2018-02-22T15:14:08Z" data-provider="Reviewproduct" depends-on-methods="Com.OpenCart.Testcases.OpenCart_RegestrationTest2.registration" finished-at="2018-02-22T15:14:19Z">
          <params>
            <param index="0">
              <value>
                <![CDATA[Amala]]>
              </value>
            </param>
            <param index="1">
              <value>
                <![CDATA[2]]>
              </value>
            </param>
            <param index="2">
              <value>
                <![CDATA[Good]]>
              </value>
            </param>
          </params>
          <exception class="org.openqa.selenium.NoSuchElementException">
            <message>
              <![CDATA[no such element: Unable to locate element: {"method":"xpath","selector":"//*[contains(text(),'Reviews')]"}
  (Session info: chrome=63.0.3239.132)
  (Driver info: chromedriver=2.33.506120 (e3e53437346286c0bc2d2dc9aa4915ba81d9023f),platform=Windows NT 10.0.14393 x86_64) (WARNING: The server did not provide any stacktrace information)
Command duration or timeout: 0 milliseconds
For documentation on this error, please visit: http://seleniumhq.org/exceptions/no_such_element.html
Build info: version: '3.6.0', revision: '6fbf3ec767', time: '2017-09-27T15:28:36.4Z'
System info: host: 'D-113063535', ip: '10.159.34.191', os.name: 'Windows 10', os.arch: 'amd64', os.version: '10.0', java.version: '1.8.0_131'
Driver info: org.openqa.selenium.remote.RemoteWebDriver
Capabilities [{mobileEmulationEnabled=false, hasTouchScreen=false, platform=XP, acceptSslCerts=true, webStorageEnabled=true, browserName=chrome, takesScreenshot=true, javascriptEnabled=true, platformName=XP, setWindowRect=true, unexpectedAlertBehaviour=, applicationCacheEnabled=false, rotatable=false, networkConnectionEnabled=false, chrome={chromedriverVersion=2.33.506120 (e3e53437346286c0bc2d2dc9aa4915ba81d9023f), userDataDir=C:\Users\ko398195\AppData\Local\Temp\scoped_dir2660_19985}, takesHeapSnapshot=true, pageLoadStrategy=normal, unhandledPromptBehavior=, databaseEnabled=false, handlesAlerts=true, version=63.0.3239.132, browserConnectionEnabled=false, nativeEvents=true, webdriver.remote.sessionid=84e37ad917ed50d1be8864311b4ce5e9, locationContextEnabled=true, cssSelectorsEnabled=true}]
Session ID: 84e37ad917ed50d1be8864311b4ce5e9
*** Element info: {Using=xpath, value=//*[contains(text(),'Reviews')]}]]>
            </message>
            <full-stacktrace>
              <![CDATA[org.openqa.selenium.NoSuchElementException: no such element: Unable to locate element: {"method":"xpath","selector":"//*[contains(text(),'Reviews')]"}
  (Session info: chrome=63.0.3239.132)
  (Driver info: chromedriver=2.33.506120 (e3e53437346286c0bc2d2dc9aa4915ba81d9023f),platform=Windows NT 10.0.14393 x86_64) (WARNING: The server did not provide any stacktrace information)
Command duration or timeout: 0 milliseconds
For documentation on this error, please visit: http://seleniumhq.org/exceptions/no_such_element.html
Build info: version: '3.6.0', revision: '6fbf3ec767', time: '2017-09-27T15:28:36.4Z'
System info: host: 'D-113063535', ip: '10.159.34.191', os.name: 'Windows 10', os.arch: 'amd64', os.version: '10.0', java.version: '1.8.0_131'
Driver info: org.openqa.selenium.remote.RemoteWebDriver
Capabilities [{mobileEmulationEnabled=false, hasTouchScreen=false, platform=XP, acceptSslCerts=true, webStorageEnabled=true, browserName=chrome, takesScreenshot=true, javascriptEnabled=true, platformName=XP, setWindowRect=true, unexpectedAlertBehaviour=, applicationCacheEnabled=false, rotatable=false, networkConnectionEnabled=false, chrome={chromedriverVersion=2.33.506120 (e3e53437346286c0bc2d2dc9aa4915ba81d9023f), userDataDir=C:\Users\ko398195\AppData\Local\Temp\scoped_dir2660_19985}, takesHeapSnapshot=true, pageLoadStrategy=normal, unhandledPromptBehavior=, databaseEnabled=false, handlesAlerts=true, version=63.0.3239.132, browserConnectionEnabled=false, nativeEvents=true, webdriver.remote.sessionid=84e37ad917ed50d1be8864311b4ce5e9, locationContextEnabled=true, cssSelectorsEnabled=true}]
Session ID: 84e37ad917ed50d1be8864311b4ce5e9
*** Element info: {Using=xpath, value=//*[contains(text(),'Reviews')]}
	at sun.reflect.NativeConstructorAccessorImpl.newInstance0(Native Method)
	at sun.reflect.NativeConstructorAccessorImpl.newInstance(Unknown Source)
	at sun.reflect.DelegatingConstructorAccessorImpl.newInstance(Unknown Source)
	at java.lang.reflect.Constructor.newInstance(Unknown Source)
	at org.openqa.selenium.remote.ErrorHandler.createThrowable(ErrorHandler.java:214)
	at org.openqa.selenium.remote.ErrorHandler.throwIfResponseFailed(ErrorHandler.java:166)
	at org.openqa.selenium.remote.http.JsonHttpResponseCodec.reconstructValue(JsonHttpResponseCodec.java:40)
	at org.openqa.selenium.remote.http.AbstractHttpResponseCodec.decode(AbstractHttpResponseCodec.java:82)
	at org.openqa.selenium.remote.http.AbstractHttpResponseCodec.decode(AbstractHttpResponseCodec.java:45)
	at org.openqa.selenium.remote.HttpCommandExecutor.execute(HttpCommandExecutor.java:164)
	at org.openqa.selenium.remote.RemoteWebDriver.execute(RemoteWebDriver.java:586)
	at org.openqa.selenium.remote.RemoteWebDriver.findElement(RemoteWebDriver.java:356)
	at org.openqa.selenium.remote.RemoteWebDriver.findElementByXPath(RemoteWebDriver.java:458)
	at org.openqa.selenium.By$ByXPath.findElement(By.java:361)
	at org.openqa.selenium.remote.RemoteWebDriver.findElement(RemoteWebDriver.java:348)
	at Com.OpenCart.Testcases.OpenCart_RegestrationTest2.reviewProd(OpenCart_RegestrationTest2.java:218)
	at sun.reflect.NativeMethodAccessorImpl.invoke0(Native Method)
	at sun.reflect.NativeMethodAccessorImpl.invoke(Unknown Source)
	at sun.reflect.DelegatingMethodAccessorImpl.invoke(Unknown Source)
	at java.lang.reflect.Method.invoke(Unknown Source)
	at org.testng.internal.MethodInvocationHelper.invokeMethod(MethodInvocationHelper.java:104)
	at org.testng.internal.Invoker.invokeMethod(Invoker.java:645)
	at org.testng.internal.Invoker.invokeTestMethod(Invoker.java:851)
	at org.testng.internal.Invoker.invokeTestMethods(Invoker.java:1177)
	at org.testng.internal.TestMethodWorker.invokeTestMethods(TestMethodWorker.java:129)
	at org.testng.internal.TestMethodWorker.run(TestMethodWorker.java:112)
	at java.util.concurrent.ThreadPoolExecutor.runWorker(Unknown Source)
	at java.util.concurrent.ThreadPoolExecutor$Worker.run(Unknown Source)
	at java.lang.Thread.run(Unknown Source)
]]>
            </full-stacktrace>
          </exception> <!-- org.openqa.selenium.NoSuchElementException -->
          <reporter-output>
          </reporter-output>
        </test-method> <!-- reviewProd -->
        <test-method status="PASS" signature="getResult(org.testng.ITestResult)[pri:0, instance:Com.OpenCart.Testcases.OpenCart_RegestrationTest2@5e5792a0]" name="getResult" is-config="true" duration-ms="2" started-at="2018-02-22T15:14:19Z" finished-at="2018-02-22T15:14:19Z">
          <params>
            <param index="0">
              <value>
                <![CDATA[[TestResult name=reviewProd status=FAILURE method=OpenCart_RegestrationTest2.reviewProd(java.lang.String, java.lang.String, java.lang.String)[pri:0, instance:Com.OpenCart.Testcases.OpenCart_RegestrationTest2@5e5792a0] output={null}]]]>
              </value>
            </param>
          </params>
          <reporter-output>
          </reporter-output>
        </test-method> <!-- getResult -->
        <test-method status="FAIL" signature="reviewProd(java.lang.String, java.lang.String, java.lang.String)[pri:0, instance:Com.OpenCart.Testcases.OpenCart_RegestrationTest2@5e5792a0]" name="reviewProd" duration-ms="10038" started-at="2018-02-22T15:14:19Z" data-provider="Reviewproduct" depends-on-methods="Com.OpenCart.Testcases.OpenCart_RegestrationTest2.registration" finished-at="2018-02-22T15:14:29Z">
          <params>
            <param index="0">
              <value>
                <![CDATA[Kamal]]>
              </value>
            </param>
            <param index="1">
              <value>
                <![CDATA[3]]>
              </value>
            </param>
            <param index="2">
              <value>
                <![CDATA[kona vinay dhhdshhdhdhhdhsalsjghkdjsfghfdkhjk]]>
              </value>
            </param>
          </params>
          <exception class="org.openqa.selenium.NoSuchElementException">
            <message>
              <![CDATA[no such element: Unable to locate element: {"method":"xpath","selector":"//*[contains(text(),'Reviews')]"}
  (Session info: chrome=63.0.3239.132)
  (Driver info: chromedriver=2.33.506120 (e3e53437346286c0bc2d2dc9aa4915ba81d9023f),platform=Windows NT 10.0.14393 x86_64) (WARNING: The server did not provide any stacktrace information)
Command duration or timeout: 0 milliseconds
For documentation on this error, please visit: http://seleniumhq.org/exceptions/no_such_element.html
Build info: version: '3.6.0', revision: '6fbf3ec767', time: '2017-09-27T15:28:36.4Z'
System info: host: 'D-113063535', ip: '10.159.34.191', os.name: 'Windows 10', os.arch: 'amd64', os.version: '10.0', java.version: '1.8.0_131'
Driver info: org.openqa.selenium.remote.RemoteWebDriver
Capabilities [{mobileEmulationEnabled=false, hasTouchScreen=false, platform=XP, acceptSslCerts=true, webStorageEnabled=true, browserName=chrome, takesScreenshot=true, javascriptEnabled=true, platformName=XP, setWindowRect=true, unexpectedAlertBehaviour=, applicationCacheEnabled=false, rotatable=false, networkConnectionEnabled=false, chrome={chromedriverVersion=2.33.506120 (e3e53437346286c0bc2d2dc9aa4915ba81d9023f), userDataDir=C:\Users\ko398195\AppData\Local\Temp\scoped_dir2660_19985}, takesHeapSnapshot=true, pageLoadStrategy=normal, unhandledPromptBehavior=, databaseEnabled=false, handlesAlerts=true, version=63.0.3239.132, browserConnectionEnabled=false, nativeEvents=true, webdriver.remote.sessionid=84e37ad917ed50d1be8864311b4ce5e9, locationContextEnabled=true, cssSelectorsEnabled=true}]
Session ID: 84e37ad917ed50d1be8864311b4ce5e9
*** Element info: {Using=xpath, value=//*[contains(text(),'Reviews')]}]]>
            </message>
            <full-stacktrace>
              <![CDATA[org.openqa.selenium.NoSuchElementException: no such element: Unable to locate element: {"method":"xpath","selector":"//*[contains(text(),'Reviews')]"}
  (Session info: chrome=63.0.3239.132)
  (Driver info: chromedriver=2.33.506120 (e3e53437346286c0bc2d2dc9aa4915ba81d9023f),platform=Windows NT 10.0.14393 x86_64) (WARNING: The server did not provide any stacktrace information)
Command duration or timeout: 0 milliseconds
For documentation on this error, please visit: http://seleniumhq.org/exceptions/no_such_element.html
Build info: version: '3.6.0', revision: '6fbf3ec767', time: '2017-09-27T15:28:36.4Z'
System info: host: 'D-113063535', ip: '10.159.34.191', os.name: 'Windows 10', os.arch: 'amd64', os.version: '10.0', java.version: '1.8.0_131'
Driver info: org.openqa.selenium.remote.RemoteWebDriver
Capabilities [{mobileEmulationEnabled=false, hasTouchScreen=false, platform=XP, acceptSslCerts=true, webStorageEnabled=true, browserName=chrome, takesScreenshot=true, javascriptEnabled=true, platformName=XP, setWindowRect=true, unexpectedAlertBehaviour=, applicationCacheEnabled=false, rotatable=false, networkConnectionEnabled=false, chrome={chromedriverVersion=2.33.506120 (e3e53437346286c0bc2d2dc9aa4915ba81d9023f), userDataDir=C:\Users\ko398195\AppData\Local\Temp\scoped_dir2660_19985}, takesHeapSnapshot=true, pageLoadStrategy=normal, unhandledPromptBehavior=, databaseEnabled=false, handlesAlerts=true, version=63.0.3239.132, browserConnectionEnabled=false, nativeEvents=true, webdriver.remote.sessionid=84e37ad917ed50d1be8864311b4ce5e9, locationContextEnabled=true, cssSelectorsEnabled=true}]
Session ID: 84e37ad917ed50d1be8864311b4ce5e9
*** Element info: {Using=xpath, value=//*[contains(text(),'Reviews')]}
	at sun.reflect.NativeConstructorAccessorImpl.newInstance0(Native Method)
	at sun.reflect.NativeConstructorAccessorImpl.newInstance(Unknown Source)
	at sun.reflect.DelegatingConstructorAccessorImpl.newInstance(Unknown Source)
	at java.lang.reflect.Constructor.newInstance(Unknown Source)
	at org.openqa.selenium.remote.ErrorHandler.createThrowable(ErrorHandler.java:214)
	at org.openqa.selenium.remote.ErrorHandler.throwIfResponseFailed(ErrorHandler.java:166)
	at org.openqa.selenium.remote.http.JsonHttpResponseCodec.reconstructValue(JsonHttpResponseCodec.java:40)
	at org.openqa.selenium.remote.http.AbstractHttpResponseCodec.decode(AbstractHttpResponseCodec.java:82)
	at org.openqa.selenium.remote.http.AbstractHttpResponseCodec.decode(AbstractHttpResponseCodec.java:45)
	at org.openqa.selenium.remote.HttpCommandExecutor.execute(HttpCommandExecutor.java:164)
	at org.openqa.selenium.remote.RemoteWebDriver.execute(RemoteWebDriver.java:586)
	at org.openqa.selenium.remote.RemoteWebDriver.findElement(RemoteWebDriver.java:356)
	at org.openqa.selenium.remote.RemoteWebDriver.findElementByXPath(RemoteWebDriver.java:458)
	at org.openqa.selenium.By$ByXPath.findElement(By.java:361)
	at org.openqa.selenium.remote.RemoteWebDriver.findElement(RemoteWebDriver.java:348)
	at Com.OpenCart.Testcases.OpenCart_RegestrationTest2.reviewProd(OpenCart_RegestrationTest2.java:218)
	at sun.reflect.NativeMethodAccessorImpl.invoke0(Native Method)
	at sun.reflect.NativeMethodAccessorImpl.invoke(Unknown Source)
	at sun.reflect.DelegatingMethodAccessorImpl.invoke(Unknown Source)
	at java.lang.reflect.Method.invoke(Unknown Source)
	at org.testng.internal.MethodInvocationHelper.invokeMethod(MethodInvocationHelper.java:104)
	at org.testng.internal.Invoker.invokeMethod(Invoker.java:645)
	at org.testng.internal.Invoker.invokeTestMethod(Invoker.java:851)
	at org.testng.internal.Invoker.invokeTestMethods(Invoker.java:1177)
	at org.testng.internal.TestMethodWorker.invokeTestMethods(TestMethodWorker.java:129)
	at org.testng.internal.TestMethodWorker.run(TestMethodWorker.java:112)
	at java.util.concurrent.ThreadPoolExecutor.runWorker(Unknown Source)
	at java.util.concurrent.ThreadPoolExecutor$Worker.run(Unknown Source)
	at java.lang.Thread.run(Unknown Source)
]]>
            </full-stacktrace>
          </exception> <!-- org.openqa.selenium.NoSuchElementException -->
          <reporter-output>
          </reporter-output>
        </test-method> <!-- reviewProd -->
        <test-method status="PASS" signature="getResult(org.testng.ITestResult)[pri:0, instance:Com.OpenCart.Testcases.OpenCart_RegestrationTest2@5e5792a0]" name="getResult" is-config="true" duration-ms="1" started-at="2018-02-22T15:14:29Z" finished-at="2018-02-22T15:14:29Z">
          <params>
            <param index="0">
              <value>
                <![CDATA[[TestResult name=reviewProd status=FAILURE method=OpenCart_RegestrationTest2.reviewProd(java.lang.String, java.lang.String, java.lang.String)[pri:0, instance:Com.OpenCart.Testcases.OpenCart_RegestrationTest2@5e5792a0] output={null}]]]>
              </value>
            </param>
          </params>
          <reporter-output>
          </reporter-output>
        </test-method> <!-- getResult -->
        <test-method status="SKIP" signature="addToWishList()[pri:0, instance:Com.OpenCart.Testcases.OpenCart_RegestrationTest2@5e5792a0]" name="addToWishList" duration-ms="0" started-at="2018-02-22T15:14:29Z" description="add to Wish list" depends-on-methods="Com.OpenCart.Testcases.OpenCart_RegestrationTest2.reviewProd" finished-at="2018-02-22T15:14:29Z">
          <exception class="java.lang.Throwable">
            <message>
              <![CDATA[Method OpenCart_RegestrationTest2.addToWishList()[pri:0, instance:Com.OpenCart.Testcases.OpenCart_RegestrationTest2@5e5792a0] depends on not successfully finished methods]]>
            </message>
            <full-stacktrace>
              <![CDATA[java.lang.Throwable: Method OpenCart_RegestrationTest2.addToWishList()[pri:0, instance:Com.OpenCart.Testcases.OpenCart_RegestrationTest2@5e5792a0] depends on not successfully finished methods
	at org.testng.internal.Invoker.invokeTestMethods(Invoker.java:1068)
	at org.testng.internal.TestMethodWorker.invokeTestMethods(TestMethodWorker.java:129)
	at org.testng.internal.TestMethodWorker.run(TestMethodWorker.java:112)
	at java.util.concurrent.ThreadPoolExecutor.runWorker(Unknown Source)
	at java.util.concurrent.ThreadPoolExecutor$Worker.run(Unknown Source)
	at java.lang.Thread.run(Unknown Source)
]]>
            </full-stacktrace>
          </exception> <!-- java.lang.Throwable -->
          <reporter-output>
          </reporter-output>
        </test-method> <!-- addToWishList -->
        <test-method status="PASS" signature="getResult(org.testng.ITestResult)[pri:0, instance:Com.OpenCart.Testcases.OpenCart_RegestrationTest2@5e5792a0]" name="getResult" is-config="true" duration-ms="0" started-at="2018-02-22T15:14:35Z" finished-at="2018-02-22T15:14:35Z">
          <params>
            <param index="0">
              <value>
                <![CDATA[[TestResult name=registration status=SUCCESS method=OpenCart_RegestrationTest2.registration(java.lang.String, java.lang.String, java.lang.String, java.lang.String, java.lang.String, java.lang.String, java.lang.String, java.lang.String, java.lang.String, java.lang.String, java.lang.String, java.lang.String, java.lang.String, java.lang.String, java.lang.String)[pri:0, instance:Com.OpenCart.Testcases.OpenCart_RegestrationTest2@5e5792a0] output={null}]]]>
              </value>
            </param>
          </params>
          <reporter-output>
          </reporter-output>
        </test-method> <!-- getResult -->
        <test-method status="PASS" signature="endReport()[pri:0, instance:Com.OpenCart.Testcases.OpenCart_RegestrationTest2@5e5792a0]" name="endReport" is-config="true" duration-ms="65" started-at="2018-02-22T15:14:35Z" finished-at="2018-02-22T15:14:35Z">
          <reporter-output>
          </reporter-output>
        </test-method> <!-- endReport -->
      </class> <!-- Com.OpenCart.Testcases.OpenCart_RegestrationTest2 -->
    </test> <!-- Test1 -->
  </suite> <!-- Suite -->
</testng-results>
